<?xml version="1.0" encoding="UTF-8"?>
<testsuite name="com.paascloud.provider.PaasCloudUacApplicationTests" time="0.068" tests="1" errors="1" skipped="0" failures="0">
  <properties>
[...]
</properties>
  <testcase name="contextLoads" classname="com.paascloud.provider.PaasCloudUacApplicationTests" time="0.068">
    <error message="Failed to load ApplicationContext" type="java.lang.IllegalStateException"><![CDATA[java.lang.IllegalStateException: Failed to load ApplicationContext
	at org.springframework.test.context.cache.DefaultCacheAwareContextLoaderDelegate.loadContext(DefaultCacheAwareContextLoaderDelegate.java:124)
	at org.springframework.test.context.support.DefaultTestContext.getApplicationContext(DefaultTestContext.java:83)
	at org.springframework.test.context.web.ServletTestExecutionListener.setUpRequestContextIfNecessary(ServletTestExecutionListener.java:189)
	at org.springframework.test.context.web.ServletTestExecutionListener.prepareTestInstance(ServletTestExecutionListener.java:131)
	at org.springframework.test.context.TestContextManager.prepareTestInstance(TestContextManager.java:230)
	at org.springframework.test.context.junit4.SpringJUnit4ClassRunner.createTest(SpringJUnit4ClassRunner.java:228)
	at org.springframework.test.context.junit4.SpringJUnit4ClassRunner$1.runReflectiveCall(SpringJUnit4ClassRunner.java:287)
	at org.junit.internal.runners.model.ReflectiveCallable.run(ReflectiveCallable.java:12)
	at org.springframework.test.context.junit4.SpringJUnit4ClassRunner.methodBlock(SpringJUnit4ClassRunner.java:289)
	at org.springframework.test.context.junit4.SpringJUnit4ClassRunner.runChild(SpringJUnit4ClassRunner.java:247)
	at org.springframework.test.context.junit4.SpringJUnit4ClassRunner.runChild(SpringJUnit4ClassRunner.java:94)
	at org.junit.runners.ParentRunner$3.run(ParentRunner.java:290)
	at org.junit.runners.ParentRunner$1.schedule(ParentRunner.java:71)
	at org.junit.runners.ParentRunner.runChildren(ParentRunner.java:288)
	at org.junit.runners.ParentRunner.access$000(ParentRunner.java:58)
	at org.junit.runners.ParentRunner$2.evaluate(ParentRunner.java:268)
	at org.springframework.test.context.junit4.statements.RunBeforeTestClassCallbacks.evaluate(RunBeforeTestClassCallbacks.java:61)
	at org.springframework.test.context.junit4.statements.RunAfterTestClassCallbacks.evaluate(RunAfterTestClassCallbacks.java:70)
	at org.junit.runners.ParentRunner.run(ParentRunner.java:363)
	at org.springframework.test.context.junit4.SpringJUnit4ClassRunner.run(SpringJUnit4ClassRunner.java:191)
	at org.apache.maven.surefire.junit4.JUnit4Provider.execute(JUnit4Provider.java:283)
	at org.apache.maven.surefire.junit4.JUnit4Provider.executeWithRerun(JUnit4Provider.java:173)
	at org.apache.maven.surefire.junit4.JUnit4Provider.executeTestSet(JUnit4Provider.java:153)
	at org.apache.maven.surefire.junit4.JUnit4Provider.invoke(JUnit4Provider.java:128)
	at org.apache.maven.surefire.booter.ForkedBooter.invokeProviderInSameClassLoader(ForkedBooter.java:203)
	at org.apache.maven.surefire.booter.ForkedBooter.runSuitesInProcess(ForkedBooter.java:155)
	at org.apache.maven.surefire.booter.ForkedBooter.main(ForkedBooter.java:103)
Caused by: java.lang.IllegalStateException: No instances found of configserver (paascloud-discovery)
	at org.springframework.cloud.config.client.ConfigServerInstanceProvider.getConfigServerInstance(ConfigServerInstanceProvider.java:25)
	at org.springframework.cloud.config.client.ConfigServerInstanceProvider$$FastClassBySpringCGLIB$$facbf882.invoke(<generated>)
	at org.springframework.cglib.proxy.MethodProxy.invoke(MethodProxy.java:204)
	at org.springframework.aop.framework.CglibAopProxy$CglibMethodInvocation.invokeJoinpoint(CglibAopProxy.java:736)
	at org.springframework.aop.framework.ReflectiveMethodInvocation.proceed(ReflectiveMethodInvocation.java:157)
	at org.springframework.retry.interceptor.RetryOperationsInterceptor$1.doWithRetry(RetryOperationsInterceptor.java:91)
	at org.springframework.retry.support.RetryTemplate.doExecute(RetryTemplate.java:287)
	at org.springframework.retry.support.RetryTemplate.execute(RetryTemplate.java:164)
	at org.springframework.retry.interceptor.RetryOperationsInterceptor.invoke(RetryOperationsInterceptor.java:118)
	at org.springframework.retry.annotation.AnnotationAwareRetryOperationsInterceptor.invoke(AnnotationAwareRetryOperationsInterceptor.java:153)
	at org.springframework.aop.framework.ReflectiveMethodInvocation.proceed(ReflectiveMethodInvocation.java:179)
	at org.springframework.aop.framework.CglibAopProxy$DynamicAdvisedInterceptor.intercept(CglibAopProxy.java:671)
	at org.springframework.cloud.config.client.ConfigServerInstanceProvider$$EnhancerBySpringCGLIB$$5f6cabd6.getConfigServerInstance(<generated>)
	at org.springframework.cloud.config.client.DiscoveryClientConfigServiceBootstrapConfiguration.refresh(DiscoveryClientConfigServiceBootstrapConfiguration.java:80)
	at org.springframework.cloud.config.client.DiscoveryClientConfigServiceBootstrapConfiguration.startup(DiscoveryClientConfigServiceBootstrapConfiguration.java:66)
	at sun.reflect.NativeMethodAccessorImpl.invoke0(Native Method)
	at sun.reflect.NativeMethodAccessorImpl.invoke(NativeMethodAccessorImpl.java:62)
	at sun.reflect.DelegatingMethodAccessorImpl.invoke(DelegatingMethodAccessorImpl.java:43)
	at java.lang.reflect.Method.invoke(Method.java:498)
	at org.springframework.context.event.ApplicationListenerMethodAdapter.doInvoke(ApplicationListenerMethodAdapter.java:253)
	at org.springframework.context.event.ApplicationListenerMethodAdapter.processEvent(ApplicationListenerMethodAdapter.java:174)
	at org.springframework.context.event.ApplicationListenerMethodAdapter.onApplicationEvent(ApplicationListenerMethodAdapter.java:137)
	at org.springframework.context.event.SimpleApplicationEventMulticaster.invokeListener(SimpleApplicationEventMulticaster.java:167)
	at org.springframework.context.event.SimpleApplicationEventMulticaster.multicastEvent(SimpleApplicationEventMulticaster.java:139)
	at org.springframework.context.support.AbstractApplicationContext.publishEvent(AbstractApplicationContext.java:383)
	at org.springframework.context.support.AbstractApplicationContext.publishEvent(AbstractApplicationContext.java:337)
	at org.springframework.context.support.AbstractApplicationContext.finishRefresh(AbstractApplicationContext.java:882)
	at org.springframework.context.support.AbstractApplicationContext.refresh(AbstractApplicationContext.java:545)
	at org.springframework.boot.SpringApplication.refresh(SpringApplication.java:693)
	at org.springframework.boot.SpringApplication.refreshContext(SpringApplication.java:360)
	at org.springframework.boot.SpringApplication.run(SpringApplication.java:303)
	at org.springframework.boot.builder.SpringApplicationBuilder.run(SpringApplicationBuilder.java:134)
	at org.springframework.cloud.bootstrap.BootstrapApplicationListener.bootstrapServiceContext(BootstrapApplicationListener.java:187)
	at org.springframework.cloud.bootstrap.BootstrapApplicationListener.onApplicationEvent(BootstrapApplicationListener.java:102)
	at org.springframework.cloud.bootstrap.BootstrapApplicationListener.onApplicationEvent(BootstrapApplicationListener.java:68)
	at org.springframework.context.event.SimpleApplicationEventMulticaster.invokeListener(SimpleApplicationEventMulticaster.java:167)
	at org.springframework.context.event.SimpleApplicationEventMulticaster.multicastEvent(SimpleApplicationEventMulticaster.java:139)
	at org.springframework.context.event.SimpleApplicationEventMulticaster.multicastEvent(SimpleApplicationEventMulticaster.java:122)
	at org.springframework.boot.context.event.EventPublishingRunListener.environmentPrepared(EventPublishingRunListener.java:74)
	at org.springframework.boot.SpringApplicationRunListeners.environmentPrepared(SpringApplicationRunListeners.java:54)
	at org.springframework.boot.SpringApplication.prepareEnvironment(SpringApplication.java:325)
	at org.springframework.boot.SpringApplication.run(SpringApplication.java:296)
	at org.springframework.boot.test.context.SpringBootContextLoader.loadContext(SpringBootContextLoader.java:121)
	at org.springframework.test.context.cache.DefaultCacheAwareContextLoaderDelegate.loadContextInternal(DefaultCacheAwareContextLoaderDelegate.java:98)
	at org.springframework.test.context.cache.DefaultCacheAwareContextLoaderDelegate.loadContext(DefaultCacheAwareContextLoaderDelegate.java:116)
	at org.springframework.test.context.support.DefaultTestContext.getApplicationContext(DefaultTestContext.java:83)
	at org.springframework.test.context.web.ServletTestExecutionListener.setUpRequestContextIfNecessary(ServletTestExecutionListener.java:189)
	at org.springframework.test.context.web.ServletTestExecutionListener.prepareTestInstance(ServletTestExecutionListener.java:131)
	at org.springframework.test.context.TestContextManager.prepareTestInstance(TestContextManager.java:230)
	at org.springframework.test.context.junit4.SpringJUnit4ClassRunner.createTest(SpringJUnit4ClassRunner.java:228)
	at org.springframework.test.context.junit4.SpringJUnit4ClassRunner$1.runReflectiveCall(SpringJUnit4ClassRunner.java:287)
	at org.junit.internal.runners.model.ReflectiveCallable.run(ReflectiveCallable.java:12)
	at org.springframework.test.context.junit4.SpringJUnit4ClassRunner.methodBlock(SpringJUnit4ClassRunner.java:289)
	at org.springframework.test.context.junit4.SpringJUnit4ClassRunner.runChild(SpringJUnit4ClassRunner.java:247)
	at org.springframework.test.context.junit4.SpringJUnit4ClassRunner.runChild(SpringJUnit4ClassRunner.java:94)
	at org.junit.runners.ParentRunner$3.run(ParentRunner.java:290)
	at org.junit.runners.ParentRunner$1.schedule(ParentRunner.java:71)
	at org.junit.runners.ParentRunner.runChildren(ParentRunner.java:288)
	at org.junit.runners.ParentRunner.access$000(ParentRunner.java:58)
	at org.junit.runners.ParentRunner$2.evaluate(ParentRunner.java:268)
	at org.springframework.test.context.junit4.statements.RunBeforeTestClassCallbacks.evaluate(RunBeforeTestClassCallbacks.java:61)
	at org.springframework.test.context.junit4.statements.RunAfterTestClassCallbacks.evaluate(RunAfterTestClassCallbacks.java:70)
	at org.junit.runners.ParentRunner.run(ParentRunner.java:363)
	at org.springframework.test.context.junit4.SpringJUnit4ClassRunner.run(SpringJUnit4ClassRunner.java:191)
	at org.apache.maven.surefire.junit4.JUnit4Provider.execute(JUnit4Provider.java:283)
	at org.apache.maven.surefire.junit4.JUnit4Provider.executeWithRerun(JUnit4Provider.java:173)
	at org.apache.maven.surefire.junit4.JUnit4Provider.executeTestSet(JUnit4Provider.java:153)
	at org.apache.maven.surefire.junit4.JUnit4Provider.invoke(JUnit4Provider.java:128)
	at org.apache.maven.surefire.booter.ForkedBooter.invokeProviderInSameClassLoader(ForkedBooter.java:203)
	at org.apache.maven.surefire.booter.ForkedBooter.runSuitesInProcess(ForkedBooter.java:155)
	at org.apache.maven.surefire.booter.ForkedBooter.main(ForkedBooter.java:103)
]]></error>
    <system-out><![CDATA[14:32:03.555 [main] DEBUG org.springframework.test.context.junit4.SpringJUnit4ClassRunner - SpringJUnit4ClassRunner constructor called with [class com.paascloud.provider.PaasCloudUacApplicationTests]
14:32:03.567 [main] DEBUG org.springframework.test.context.BootstrapUtils - Instantiating CacheAwareContextLoaderDelegate from class [org.springframework.test.context.cache.DefaultCacheAwareContextLoaderDelegate]
14:32:03.587 [main] DEBUG org.springframework.test.context.BootstrapUtils - Instantiating BootstrapContext using constructor [public org.springframework.test.context.support.DefaultBootstrapContext(java.lang.Class,org.springframework.test.context.CacheAwareContextLoaderDelegate)]
14:32:03.619 [main] DEBUG org.springframework.test.context.BootstrapUtils - Instantiating TestContextBootstrapper for test class [com.paascloud.provider.PaasCloudUacApplicationTests] from class [org.springframework.boot.test.context.SpringBootTestContextBootstrapper]
14:32:03.669 [main] INFO org.springframework.boot.test.context.SpringBootTestContextBootstrapper - Neither @ContextConfiguration nor @ContextHierarchy found for test class [com.paascloud.provider.PaasCloudUacApplicationTests], using SpringBootContextLoader
14:32:03.680 [main] DEBUG org.springframework.test.context.support.AbstractContextLoader - Did not detect default resource location for test class [com.paascloud.provider.PaasCloudUacApplicationTests]: class path resource [com/paascloud/provider/PaasCloudUacApplicationTests-context.xml] does not exist
14:32:03.680 [main] DEBUG org.springframework.test.context.support.AbstractContextLoader - Did not detect default resource location for test class [com.paascloud.provider.PaasCloudUacApplicationTests]: class path resource [com/paascloud/provider/PaasCloudUacApplicationTestsContext.groovy] does not exist
14:32:03.681 [main] INFO org.springframework.test.context.support.AbstractContextLoader - Could not detect default resource locations for test class [com.paascloud.provider.PaasCloudUacApplicationTests]: no resource found for suffixes {-context.xml, Context.groovy}.
14:32:03.683 [main] INFO org.springframework.test.context.support.AnnotationConfigContextLoaderUtils - Could not detect default configuration classes for test class [com.paascloud.provider.PaasCloudUacApplicationTests]: PaasCloudUacApplicationTests does not declare any static, non-private, non-final, nested classes annotated with @Configuration.
14:32:03.865 [main] DEBUG org.springframework.test.context.support.ActiveProfilesUtils - Could not find an 'annotation declaring class' for annotation type [org.springframework.test.context.ActiveProfiles] and class [com.paascloud.provider.PaasCloudUacApplicationTests]
14:32:03.882 [main] DEBUG org.springframework.core.env.StandardEnvironment - Adding PropertySource 'systemProperties' with lowest search precedence
14:32:03.884 [main] DEBUG org.springframework.core.env.StandardEnvironment - Adding PropertySource 'systemEnvironment' with lowest search precedence
14:32:03.890 [main] DEBUG org.springframework.core.env.StandardEnvironment - Initialized StandardEnvironment with PropertySources [MapPropertySource@103536485 {name='systemProperties', properties={java.runtime.name=Java(TM) SE Runtime Environment, sun.boot.library.path=D:\develop\Java\jdk1.8.0_181\jre\bin, java.vm.version=25.181-b13, java.vm.vendor=Oracle Corporation, java.vendor.url=http://java.oracle.com/, path.separator=;, java.vm.name=Java HotSpot(TM) 64-Bit Server VM, file.encoding.pkg=sun.io, user.country=CN, user.script=, sun.java.launcher=SUN_STANDARD, sun.os.patch.level=, java.vm.specification.name=Java Virtual Machine Specification, user.dir=D:\develop\workspace\code-repo\paascloud-master-master\paascloud-provider\paascloud-provider-uac, java.runtime.version=1.8.0_181-b13, basedir=D:\develop\workspace\code-repo\paascloud-master-master\paascloud-provider\paascloud-provider-uac, java.awt.graphicsenv=sun.awt.Win32GraphicsEnvironment, java.endorsed.dirs=D:\develop\Java\jdk1.8.0_181\jre\lib\endorsed, os.arch=amd64, surefire.real.class.path=D:\develop\workspace\code-repo\paascloud-master-master\paascloud-provider\paascloud-provider-uac\target\surefire\surefirebooter6302798505136300258.jar, java.io.tmpdir=C:\Users\lenovo\AppData\Local\Temp\, line.separator=
, java.vm.specification.vendor=Oracle Corporation, user.variant=, os.name=Windows 10, sun.jnu.encoding=GBK, java.library.path=D:\develop\Java\jdk1.8.0_181\jre\bin;C:\WINDOWS\Sun\Java\bin;C:\WINDOWS\system32;C:\WINDOWS;C:\Program Files (x86)\Common Files\Oracle\Java\javapath;C:\WINDOWS\system32;C:\WINDOWS;C:\WINDOWS\System32\Wbem;C:\WINDOWS\System32\WindowsPowerShell\v1.0\;C:\WINDOWS\System32\OpenSSH\;D:\develop\Java\jdk1.8.0_181\bin;D:\develop\Java\jdk1.8.0_181\jre\bin;D:\develop\maven\apache-maven-3.6.1\bin;D:\develop\Git\bin;D:\software\TortoiseGit\bin;D:\develop\scala\bin;D:\develop\scala\bin;D:\develop\scala\jre\bin;D:\software\nodejs\;C:\Users\lenovo\AppData\Local\Microsoft\WindowsApps;C:\Users\lenovo\AppData\Roaming\npm;C:\Program Files\Bandizip\;., surefire.test.class.path=D:\develop\workspace\code-repo\paascloud-master-master\paascloud-provider\paascloud-provider-uac\target\test-classes;D:\develop\workspace\code-repo\paascloud-master-master\paascloud-provider\paascloud-provider-uac\target\classes;D:\develop\maven\repo\mysql\mysql-connector-java\5.1.39\mysql-connector-java-5.1.39.jar;D:\develop\maven\repo\io\jsonwebtoken\jjwt\0.7.0\jjwt-0.7.0.jar;D:\develop\maven\repo\joda-time\joda-time\2.9.6\joda-time-2.9.6.jar;D:\develop\maven\repo\org\mybatis\spring\boot\mybatis-spring-boot-starter\1.2.0\mybatis-spring-boot-starter-1.2.0.jar;D:\develop\maven\repo\org\springframework\boot\spring-boot-starter\1.5.13.RELEASE\spring-boot-starter-1.5.13.RELEASE.jar;D:\develop\maven\repo\org\springframework\boot\spring-boot-starter-logging\1.5.13.RELEASE\spring-boot-starter-logging-1.5.13.RELEASE.jar;D:\develop\maven\repo\org\slf4j\jcl-over-slf4j\1.7.25\jcl-over-slf4j-1.7.25.jar;D:\develop\maven\repo\org\slf4j\jul-to-slf4j\1.7.25\jul-to-slf4j-1.7.25.jar;D:\develop\maven\repo\org\slf4j\log4j-over-slf4j\1.7.25\log4j-over-slf4j-1.7.25.jar;D:\develop\maven\repo\org\springframework\boot\spring-boot-starter-jdbc\1.5.13.RELEASE\spring-boot-starter-jdbc-1.5.13.RELEASE.jar;D:\develop\maven\repo\org\apache\tomcat\tomcat-jdbc\8.5.31\tomcat-jdbc-8.5.31.jar;D:\develop\maven\repo\org\apache\tomcat\tomcat-juli\8.5.31\tomcat-juli-8.5.31.jar;D:\develop\maven\repo\org\springframework\spring-jdbc\4.3.17.RELEASE\spring-jdbc-4.3.17.RELEASE.jar;D:\develop\maven\repo\org\mybatis\spring\boot\mybatis-spring-boot-autoconfigure\1.2.0\mybatis-spring-boot-autoconfigure-1.2.0.jar;D:\develop\maven\repo\org\mybatis\mybatis\3.4.2\mybatis-3.4.2.jar;D:\develop\maven\repo\org\mybatis\mybatis-spring\1.3.1\mybatis-spring-1.3.1.jar;D:\develop\maven\repo\tk\mybatis\mapper-spring-boot-starter\1.1.1\mapper-spring-boot-starter-1.1.1.jar;D:\develop\maven\repo\tk\mybatis\mapper-spring-boot-autoconfigure\1.1.1\mapper-spring-boot-autoconfigure-1.1.1.jar;D:\develop\maven\repo\tk\mybatis\mapper\3.4.0\mapper-3.4.0.jar;D:\develop\maven\repo\javax\persistence\persistence-api\1.0\persistence-api-1.0.jar;D:\develop\maven\repo\com\github\pagehelper\pagehelper-spring-boot-starter\1.1.2\pagehelper-spring-boot-starter-1.1.2.jar;D:\develop\maven\repo\com\github\pagehelper\pagehelper-spring-boot-autoconfigure\1.1.2\pagehelper-spring-boot-autoconfigure-1.1.2.jar;D:\develop\maven\repo\com\github\pagehelper\pagehelper\5.0.3\pagehelper-5.0.3.jar;D:\develop\maven\repo\com\github\jsqlparser\jsqlparser\1.0\jsqlparser-1.0.jar;D:\develop\maven\repo\com\alibaba\druid-spring-boot-starter\1.1.0\druid-spring-boot-starter-1.1.0.jar;D:\develop\maven\repo\org\springframework\boot\spring-boot-autoconfigure\1.5.13.RELEASE\spring-boot-autoconfigure-1.5.13.RELEASE.jar;D:\develop\maven\repo\com\fasterxml\jackson\core\jackson-databind\2.8.4\jackson-databind-2.8.4.jar;D:\develop\maven\repo\com\fasterxml\jackson\core\jackson-annotations\2.8.0\jackson-annotations-2.8.0.jar;D:\develop\maven\repo\com\fasterxml\jackson\core\jackson-core\2.8.11\jackson-core-2.8.11.jar;D:\develop\workspace\code-repo\paascloud-master-master\paascloud-provider-api\paascloud-provider-uac-api\target\paascloud-provider-uac-api-1.0.jar;D:\develop\workspace\code-repo\paascloud-master-master\paascloud-common\paascloud-security-feign\target\paascloud-security-feign-1.0.jar;D:\develop\workspace\code-repo\paascloud-master-master\paascloud-provider-api\paascloud-provider-mdc-api\target\paascloud-provider-mdc-api-1.0.jar;D:\develop\workspace\code-repo\paascloud-master-master\paascloud-provider-api\paascloud-provider-omc-api\target\paascloud-provider-omc-api-1.0.jar;D:\develop\workspace\code-repo\paascloud-master-master\paascloud-provider-api\paascloud-provider-opc-api\target\paascloud-provider-opc-api-1.0.jar;D:\develop\maven\repo\io\github\openfeign\form\feign-form\3.0.3\feign-form-3.0.3.jar;D:\develop\maven\repo\io\github\openfeign\form\feign-form-spring\3.0.3\feign-form-spring-3.0.3.jar;D:\develop\workspace\code-repo\paascloud-master-master\paascloud-provider-api\paascloud-provider-sdk-api\target\paascloud-provider-sdk-api-1.0.jar;D:\develop\maven\repo\org\projectlombok\lombok\1.16.14\lombok-1.16.14.jar;D:\develop\workspace\code-repo\paascloud-master-master\paascloud-provider-api\paascloud-provider-tpc-api\target\paascloud-provider-tpc-api-1.0.jar;D:\develop\workspace\code-repo\paascloud-master-master\paascloud-common\paascloud-common-zk\target\paascloud-common-zk-1.0.jar;D:\develop\maven\repo\org\apache\curator\curator-framework\2.10.0\curator-framework-2.10.0.jar;D:\develop\maven\repo\org\apache\curator\curator-client\2.10.0\curator-client-2.10.0.jar;D:\develop\maven\repo\org\apache\zookeeper\zookeeper\3.4.6\zookeeper-3.4.6.jar;D:\develop\maven\repo\jline\jline\2.14.6\jline-2.14.6.jar;D:\develop\maven\repo\io\netty\netty\3.7.0.Final\netty-3.7.0.Final.jar;D:\develop\maven\repo\org\apache\curator\curator-recipes\2.10.0\curator-recipes-2.10.0.jar;D:\develop\maven\repo\com\alibaba\fastjson\1.2.29\fastjson-1.2.29.jar;D:\develop\maven\repo\org\aspectj\aspectjweaver\1.8.13\aspectjweaver-1.8.13.jar;D:\develop\maven\repo\org\springframework\spring-tx\4.3.11.RELEASE\spring-tx-4.3.11.RELEASE.jar;D:\develop\maven\repo\org\springframework\spring-beans\4.3.17.RELEASE\spring-beans-4.3.17.RELEASE.jar;D:\develop\maven\repo\org\apache\rocketmq\rocketmq-client\4.1.0-incubating\rocketmq-client-4.1.0-incubating.jar;D:\develop\maven\repo\org\apache\rocketmq\rocketmq-common\4.1.0-incubating\rocketmq-common-4.1.0-incubating.jar;D:\develop\maven\repo\org\apache\rocketmq\rocketmq-remoting\4.1.0-incubating\rocketmq-remoting-4.1.0-incubating.jar;D:\develop\maven\repo\io\netty\netty-all\4.0.56.Final\netty-all-4.0.56.Final.jar;D:\develop\maven\repo\org\slf4j\slf4j-api\1.7.25\slf4j-api-1.7.25.jar;D:\develop\maven\repo\org\apache\commons\commons-lang3\3.5\commons-lang3-3.5.jar;D:\develop\maven\repo\de\codecentric\spring-boot-admin-starter-client\1.5.7\spring-boot-admin-starter-client-1.5.7.jar;D:\develop\maven\repo\de\codecentric\spring-boot-admin-client\1.5.7\spring-boot-admin-client-1.5.7.jar;D:\develop\maven\repo\org\springframework\boot\spring-boot-starter-freemarker\1.5.13.RELEASE\spring-boot-starter-freemarker-1.5.13.RELEASE.jar;D:\develop\maven\repo\org\freemarker\freemarker\2.3.28\freemarker-2.3.28.jar;D:\develop\maven\repo\org\springframework\spring-context-support\4.3.17.RELEASE\spring-context-support-4.3.17.RELEASE.jar;D:\develop\maven\repo\org\springframework\cloud\spring-cloud-starter-feign\1.4.4.RELEASE\spring-cloud-starter-feign-1.4.4.RELEASE.jar;D:\develop\maven\repo\org\springframework\cloud\spring-cloud-starter-openfeign\1.4.4.RELEASE\spring-cloud-starter-openfeign-1.4.4.RELEASE.jar;D:\develop\maven\repo\io\github\openfeign\feign-core\9.5.0\feign-core-9.5.0.jar;D:\develop\maven\repo\org\jvnet\animal-sniffer-annotation\1.0\animal-sniffer-annotation-1.0.jar;D:\develop\maven\repo\io\github\openfeign\feign-slf4j\9.5.0\feign-slf4j-9.5.0.jar;D:\develop\maven\repo\io\github\openfeign\feign-hystrix\9.5.0\feign-hystrix-9.5.0.jar;D:\develop\maven\repo\com\github\penggle\kaptcha\2.3.2\kaptcha-2.3.2.jar;D:\develop\maven\repo\com\jhlabs\filters\2.0.235-1\filters-2.0.235-1.jar;D:\develop\maven\repo\org\springframework\cloud\spring-cloud-starter-oauth2\1.2.2.RELEASE\spring-cloud-starter-oauth2-1.2.2.RELEASE.jar;D:\develop\maven\repo\org\springframework\cloud\spring-cloud-starter-security\1.2.2.RELEASE\spring-cloud-starter-security-1.2.2.RELEASE.jar;D:\develop\maven\repo\org\springframework\cloud\spring-cloud-security\1.2.2.RELEASE\spring-cloud-security-1.2.2.RELEASE.jar;D:\develop\maven\repo\org\springframework\boot\spring-boot-starter-security\1.5.13.RELEASE\spring-boot-starter-security-1.5.13.RELEASE.jar;D:\develop\maven\repo\org\springframework\security\oauth\spring-security-oauth2\2.0.15.RELEASE\spring-security-oauth2-2.0.15.RELEASE.jar;D:\develop\maven\repo\org\springframework\security\spring-security-core\4.2.6.RELEASE\spring-security-core-4.2.6.RELEASE.jar;D:\develop\maven\repo\org\springframework\security\spring-security-config\4.2.6.RELEASE\spring-security-config-4.2.6.RELEASE.jar;D:\develop\maven\repo\org\springframework\social\spring-social-config\1.1.6.RELEASE\spring-social-config-1.1.6.RELEASE.jar;D:\develop\maven\repo\org\springframework\social\spring-social-core\1.1.6.RELEASE\spring-social-core-1.1.6.RELEASE.jar;D:\develop\maven\repo\org\springframework\spring-web\4.3.8.RELEASE\spring-web-4.3.8.RELEASE.jar;D:\develop\maven\repo\org\springframework\social\spring-social-security\1.1.6.RELEASE\spring-social-security-1.1.6.RELEASE.jar;D:\develop\maven\repo\org\springframework\spring-webmvc\4.3.17.RELEASE\spring-webmvc-4.3.17.RELEASE.jar;D:\develop\maven\repo\org\springframework\spring-expression\4.3.17.RELEASE\spring-expression-4.3.17.RELEASE.jar;D:\develop\maven\repo\org\springframework\security\spring-security-web\4.2.6.RELEASE\spring-security-web-4.2.6.RELEASE.jar;D:\develop\maven\repo\aopalliance\aopalliance\1.0\aopalliance-1.0.jar;D:\develop\maven\repo\org\springframework\social\spring-social-web\1.1.6.RELEASE\spring-social-web-1.1.6.RELEASE.jar;D:\develop\maven\repo\javax\inject\javax.inject\1\javax.inject-1.jar;D:\develop\workspace\code-repo\paascloud-master-master\paascloud-common\paascloud-common-base\target\paascloud-common-base-1.0.jar;D:\develop\workspace\code-repo\paascloud-master-master\paascloud-common\paascloud-security-app\target\paascloud-security-app-1.0.jar;D:\develop\workspace\code-repo\paascloud-master-master\paascloud-common\paascloud-security-core\target\paascloud-security-core-1.0.jar;D:\develop\maven\repo\commons-lang\commons-lang\2.6\commons-lang-2.6.jar;D:\develop\maven\repo\commons-collections\commons-collections\3.2.2\commons-collections-3.2.2.jar;D:\develop\maven\repo\org\springframework\cloud\spring-cloud-starter-config\1.4.3.RELEASE\spring-cloud-starter-config-1.4.3.RELEASE.jar;D:\develop\maven\repo\org\springframework\cloud\spring-cloud-starter\1.3.3.RELEASE\spring-cloud-starter-1.3.3.RELEASE.jar;D:\develop\maven\repo\org\springframework\cloud\spring-cloud-context\1.3.3.RELEASE\spring-cloud-context-1.3.3.RELEASE.jar;D:\develop\maven\repo\org\springframework\security\spring-security-rsa\1.0.3.RELEASE\spring-security-rsa-1.0.3.RELEASE.jar;D:\develop\maven\repo\org\springframework\cloud\spring-cloud-config-client\1.4.3.RELEASE\spring-cloud-config-client-1.4.3.RELEASE.jar;D:\develop\maven\repo\org\springframework\cloud\spring-cloud-starter-sleuth\1.3.3.RELEASE\spring-cloud-starter-sleuth-1.3.3.RELEASE.jar;D:\develop\maven\repo\org\springframework\cloud\spring-cloud-sleuth-core\1.3.3.RELEASE\spring-cloud-sleuth-core-1.3.3.RELEASE.jar;D:\develop\maven\repo\org\aspectj\aspectjrt\1.8.13\aspectjrt-1.8.13.jar;D:\develop\maven\repo\org\springframework\cloud\spring-cloud-sleuth-zipkin\1.3.3.RELEASE\spring-cloud-sleuth-zipkin-1.3.3.RELEASE.jar;D:\develop\maven\repo\org\springframework\cloud\spring-cloud-commons\1.3.3.RELEASE\spring-cloud-commons-1.3.3.RELEASE.jar;D:\develop\maven\repo\org\springframework\security\spring-security-crypto\4.2.6.RELEASE\spring-security-crypto-4.2.6.RELEASE.jar;D:\develop\maven\repo\org\apache\httpcomponents\httpclient\4.5.5\httpclient-4.5.5.jar;D:\develop\maven\repo\org\apache\httpcomponents\httpcore\4.4.9\httpcore-4.4.9.jar;D:\develop\maven\repo\io\zipkin\zipkin2\zipkin\2.6.1\zipkin-2.6.1.jar;D:\develop\maven\repo\io\zipkin\reporter2\zipkin-reporter\2.5.0\zipkin-reporter-2.5.0.jar;D:\develop\maven\repo\io\zipkin\reporter2\zipkin-sender-kafka11\2.5.0\zipkin-sender-kafka11-2.5.0.jar;D:\develop\maven\repo\io\zipkin\reporter2\zipkin-sender-amqp-client\2.5.0\zipkin-sender-amqp-client-2.5.0.jar;D:\develop\workspace\code-repo\paascloud-master-master\paascloud-common\paascloud-common-util\target\paascloud-common-util-1.0.jar;D:\develop\maven\repo\ch\qos\logback\logback-classic\1.1.11\logback-classic-1.1.11.jar;D:\develop\maven\repo\org\codehaus\jackson\jackson-smile\1.9.13\jackson-smile-1.9.13.jar;D:\develop\maven\repo\org\codehaus\jackson\jackson-core-asl\1.9.13\jackson-core-asl-1.9.13.jar;D:\develop\maven\repo\org\codehaus\jackson\jackson-mapper-asl\1.9.13\jackson-mapper-asl-1.9.13.jar;D:\develop\maven\repo\com\xiaoleilu\hutool-all\3.0.7\hutool-all-3.0.7.jar;D:\develop\maven\repo\commons-beanutils\commons-beanutils\1.9.3\commons-beanutils-1.9.3.jar;D:\develop\workspace\code-repo\paascloud-master-master\paascloud-common\paascloud-common-core\target\paascloud-common-core-1.0.jar;D:\develop\maven\repo\eu\bitwalker\UserAgentUtils\1.20\UserAgentUtils-1.20.jar;D:\develop\maven\repo\org\springframework\boot\spring-boot-starter-data-redis\1.5.13.RELEASE\spring-boot-starter-data-redis-1.5.13.RELEASE.jar;D:\develop\maven\repo\org\springframework\data\spring-data-redis\1.8.12.RELEASE\spring-data-redis-1.8.12.RELEASE.jar;D:\develop\maven\repo\org\springframework\data\spring-data-keyvalue\1.2.12.RELEASE\spring-data-keyvalue-1.2.12.RELEASE.jar;D:\develop\maven\repo\org\springframework\data\spring-data-commons\1.13.12.RELEASE\spring-data-commons-1.13.12.RELEASE.jar;D:\develop\maven\repo\org\springframework\spring-oxm\4.3.17.RELEASE\spring-oxm-4.3.17.RELEASE.jar;D:\develop\maven\repo\redis\clients\jedis\2.9.0\jedis-2.9.0.jar;D:\develop\maven\repo\org\apache\commons\commons-pool2\2.4.3\commons-pool2-2.4.3.jar;D:\develop\maven\repo\com\fasterxml\jackson\module\jackson-module-parameter-names\2.8.11\jackson-module-parameter-names-2.8.11.jar;D:\develop\maven\repo\com\fasterxml\jackson\datatype\jackson-datatype-jdk8\2.8.11\jackson-datatype-jdk8-2.8.11.jar;D:\develop\maven\repo\com\fasterxml\jackson\datatype\jackson-datatype-jsr310\2.8.11\jackson-datatype-jsr310-2.8.11.jar;D:\develop\workspace\code-repo\paascloud-master-master\paascloud-common\paascloud-common-config\target\paascloud-common-config-1.0.jar;D:\develop\maven\repo\com\arronlong\httpclientutil\httpclientutil\1.0\httpclientutil-1.0.jar;D:\develop\maven\repo\org\apache\httpcomponents\httpmime\4.5.5\httpmime-4.5.5.jar;D:\develop\maven\repo\org\apache\httpcomponents\httpasyncclient\4.1.3\httpasyncclient-4.1.3.jar;D:\develop\maven\repo\org\apache\httpcomponents\httpcore-nio\4.4.6\httpcore-nio-4.4.6.jar;D:\develop\maven\repo\log4j\log4j\1.2.17\log4j-1.2.17.jar;D:\develop\maven\repo\com\netflix\hystrix\hystrix-core\1.5.12\hystrix-core-1.5.12.jar;D:\develop\maven\repo\com\netflix\archaius\archaius-core\0.7.4\archaius-core-0.7.4.jar;D:\develop\maven\repo\com\google\code\findbugs\jsr305\3.0.2\jsr305-3.0.2.jar;D:\develop\maven\repo\io\reactivex\rxjava\1.2.0\rxjava-1.2.0.jar;D:\develop\maven\repo\org\hdrhistogram\HdrHistogram\2.1.9\HdrHistogram-2.1.9.jar;D:\develop\maven\repo\org\springframework\boot\spring-boot-starter-actuator\1.5.13.RELEASE\spring-boot-starter-actuator-1.5.13.RELEASE.jar;D:\develop\maven\repo\org\springframework\boot\spring-boot-actuator\1.5.13.RELEASE\spring-boot-actuator-1.5.13.RELEASE.jar;D:\develop\maven\repo\org\springframework\cloud\spring-cloud-starter-hystrix\1.4.4.RELEASE\spring-cloud-starter-hystrix-1.4.4.RELEASE.jar;D:\develop\maven\repo\org\springframework\cloud\spring-cloud-starter-netflix-hystrix\1.4.4.RELEASE\spring-cloud-starter-netflix-hystrix-1.4.4.RELEASE.jar;D:\develop\maven\repo\com\netflix\hystrix\hystrix-metrics-event-stream\1.5.12\hystrix-metrics-event-stream-1.5.12.jar;D:\develop\maven\repo\com\netflix\hystrix\hystrix-serialization\1.5.12\hystrix-serialization-1.5.12.jar;D:\develop\maven\repo\com\fasterxml\jackson\module\jackson-module-afterburner\2.8.11\jackson-module-afterburner-2.8.11.jar;D:\develop\maven\repo\com\netflix\hystrix\hystrix-javanica\1.5.12\hystrix-javanica-1.5.12.jar;D:\develop\maven\repo\org\ow2\asm\asm\5.0.4\asm-5.0.4.jar;D:\develop\maven\repo\org\springframework\boot\spring-boot-starter-web\1.5.13.RELEASE\spring-boot-starter-web-1.5.13.RELEASE.jar;D:\develop\maven\repo\org\springframework\boot\spring-boot-starter-tomcat\1.5.13.RELEASE\spring-boot-starter-tomcat-1.5.13.RELEASE.jar;D:\develop\maven\repo\org\apache\tomcat\embed\tomcat-embed-core\8.5.31\tomcat-embed-core-8.5.31.jar;D:\develop\maven\repo\org\apache\tomcat\tomcat-annotations-api\8.5.31\tomcat-annotations-api-8.5.31.jar;D:\develop\maven\repo\org\apache\tomcat\embed\tomcat-embed-websocket\8.5.31\tomcat-embed-websocket-8.5.31.jar;D:\develop\maven\repo\org\hibernate\hibernate-validator\5.3.6.Final\hibernate-validator-5.3.6.Final.jar;D:\develop\maven\repo\javax\validation\validation-api\1.1.0.Final\validation-api-1.1.0.Final.jar;D:\develop\maven\repo\org\jboss\logging\jboss-logging\3.3.2.Final\jboss-logging-3.3.2.Final.jar;D:\develop\maven\repo\net\logstash\logback\logstash-logback-encoder\4.6\logstash-logback-encoder-4.6.jar;D:\develop\maven\repo\ch\qos\logback\logback-core\1.1.11\logback-core-1.1.11.jar;D:\develop\maven\repo\com\google\guava\guava\17.0\guava-17.0.jar;D:\develop\maven\repo\org\springframework\boot\spring-boot-starter-validation\1.5.13.RELEASE\spring-boot-starter-validation-1.5.13.RELEASE.jar;D:\develop\maven\repo\org\apache\tomcat\embed\tomcat-embed-el\8.5.31\tomcat-embed-el-8.5.31.jar;D:\develop\maven\repo\io\springfox\springfox-swagger-ui\2.6.1\springfox-swagger-ui-2.6.1.jar;D:\develop\maven\repo\io\springfox\springfox-spring-web\2.6.1\springfox-spring-web-2.6.1.jar;D:\develop\maven\repo\io\springfox\springfox-swagger2\2.6.1\springfox-swagger2-2.6.1.jar;D:\develop\maven\repo\io\swagger\swagger-annotations\1.5.10\swagger-annotations-1.5.10.jar;D:\develop\maven\repo\io\swagger\swagger-models\1.5.10\swagger-models-1.5.10.jar;D:\develop\maven\repo\io\springfox\springfox-spi\2.6.1\springfox-spi-2.6.1.jar;D:\develop\maven\repo\io\springfox\springfox-core\2.6.1\springfox-core-2.6.1.jar;D:\develop\maven\repo\io\springfox\springfox-schema\2.6.1\springfox-schema-2.6.1.jar;D:\develop\maven\repo\io\springfox\springfox-swagger-common\2.6.1\springfox-swagger-common-2.6.1.jar;D:\develop\maven\repo\com\fasterxml\classmate\1.3.4\classmate-1.3.4.jar;D:\develop\maven\repo\org\springframework\plugin\spring-plugin-core\1.2.0.RELEASE\spring-plugin-core-1.2.0.RELEASE.jar;D:\develop\maven\repo\org\springframework\plugin\spring-plugin-metadata\1.2.0.RELEASE\spring-plugin-metadata-1.2.0.RELEASE.jar;D:\develop\maven\repo\org\mapstruct\mapstruct\1.0.0.Final\mapstruct-1.0.0.Final.jar;D:\develop\maven\repo\commons-codec\commons-codec\1.10\commons-codec-1.10.jar;D:\develop\maven\repo\org\springframework\boot\spring-boot-starter-test\1.5.13.RELEASE\spring-boot-starter-test-1.5.13.RELEASE.jar;D:\develop\maven\repo\org\springframework\boot\spring-boot-test\1.5.13.RELEASE\spring-boot-test-1.5.13.RELEASE.jar;D:\develop\maven\repo\org\springframework\boot\spring-boot-test-autoconfigure\1.5.13.RELEASE\spring-boot-test-autoconfigure-1.5.13.RELEASE.jar;D:\develop\maven\repo\com\jayway\jsonpath\json-path\2.2.0\json-path-2.2.0.jar;D:\develop\maven\repo\net\minidev\json-smart\2.2.1\json-smart-2.2.1.jar;D:\develop\maven\repo\net\minidev\accessors-smart\1.1\accessors-smart-1.1.jar;D:\develop\maven\repo\junit\junit\4.12\junit-4.12.jar;D:\develop\maven\repo\org\assertj\assertj-core\2.6.0\assertj-core-2.6.0.jar;D:\develop\maven\repo\org\mockito\mockito-core\1.10.19\mockito-core-1.10.19.jar;D:\develop\maven\repo\org\objenesis\objenesis\2.5.1\objenesis-2.5.1.jar;D:\develop\maven\repo\org\hamcrest\hamcrest-core\1.3\hamcrest-core-1.3.jar;D:\develop\maven\repo\org\hamcrest\hamcrest-library\1.3\hamcrest-library-1.3.jar;D:\develop\maven\repo\org\skyscreamer\jsonassert\1.4.0\jsonassert-1.4.0.jar;D:\develop\maven\repo\com\vaadin\external\google\android-json\0.0.20131108.vaadin1\android-json-0.0.20131108.vaadin1.jar;D:\develop\maven\repo\org\springframework\spring-core\4.3.11.RELEASE\spring-core-4.3.11.RELEASE.jar;D:\develop\maven\repo\org\springframework\spring-test\4.3.17.RELEASE\spring-test-4.3.17.RELEASE.jar;D:\develop\maven\repo\com\alibaba\druid\1.0.29\druid-1.0.29.jar;D:\develop\Java\jdk1.8.0_181\jre\..\lib\jconsole.jar;D:\develop\Java\jdk1.8.0_181\jre\..\lib\tools.jar;D:\develop\maven\repo\org\mybatis\generator\mybatis-generator-core\1.3.5\mybatis-generator-core-1.3.5.jar;D:\develop\maven\repo\org\springframework\boot\spring-boot-configuration-processor\1.5.13.RELEASE\spring-boot-configuration-processor-1.5.13.RELEASE.jar;D:\develop\maven\repo\org\springframework\boot\spring-boot-devtools\1.5.13.RELEASE\spring-boot-devtools-1.5.13.RELEASE.jar;D:\develop\maven\repo\org\springframework\boot\spring-boot\1.5.13.RELEASE\spring-boot-1.5.13.RELEASE.jar;D:\develop\maven\repo\org\springframework\boot\spring-boot-starter-aop\1.5.13.RELEASE\spring-boot-starter-aop-1.5.13.RELEASE.jar;D:\develop\maven\repo\org\springframework\spring-aop\4.3.17.RELEASE\spring-aop-4.3.17.RELEASE.jar;D:\develop\maven\repo\org\modelmapper\modelmapper\1.1.2\modelmapper-1.1.2.jar;D:\develop\maven\repo\org\jolokia\jolokia-core\1.3.7\jolokia-core-1.3.7.jar;D:\develop\maven\repo\com\googlecode\json-simple\json-simple\1.1.1\json-simple-1.1.1.jar;D:\develop\maven\repo\org\springframework\security\spring-security-jwt\1.0.9.RELEASE\spring-security-jwt-1.0.9.RELEASE.jar;D:\develop\maven\repo\org\bouncycastle\bcpkix-jdk15on\1.56\bcpkix-jdk15on-1.56.jar;D:\develop\maven\repo\org\bouncycastle\bcprov-jdk15on\1.56\bcprov-jdk15on-1.56.jar;D:\develop\maven\repo\org\liquibase\liquibase-core\3.5.3\liquibase-core-3.5.3.jar;D:\develop\maven\repo\org\yaml\snakeyaml\1.17\snakeyaml-1.17.jar;D:\develop\maven\repo\org\springframework\cloud\spring-cloud-starter-zipkin\1.3.3.RELEASE\spring-cloud-starter-zipkin-1.3.3.RELEASE.jar;D:\develop\maven\repo\org\springframework\amqp\spring-rabbit\1.7.7.RELEASE\spring-rabbit-1.7.7.RELEASE.jar;D:\develop\maven\repo\org\springframework\retry\spring-retry\1.2.2.RELEASE\spring-retry-1.2.2.RELEASE.jar;D:\develop\maven\repo\com\rabbitmq\http-client\1.1.1.RELEASE\http-client-1.1.1.RELEASE.jar;D:\develop\maven\repo\com\rabbitmq\amqp-client\4.0.3\amqp-client-4.0.3.jar;D:\develop\maven\repo\org\springframework\spring-messaging\4.3.17.RELEASE\spring-messaging-4.3.17.RELEASE.jar;D:\develop\maven\repo\org\springframework\spring-context\4.3.8.RELEASE\spring-context-4.3.8.RELEASE.jar;D:\develop\maven\repo\org\springframework\amqp\spring-amqp\1.7.7.RELEASE\spring-amqp-1.7.7.RELEASE.jar;D:\develop\maven\repo\org\springframework\cloud\spring-cloud-starter-netflix-eureka-client\1.4.4.RELEASE\spring-cloud-starter-netflix-eureka-client-1.4.4.RELEASE.jar;D:\develop\maven\repo\org\springframework\cloud\spring-cloud-netflix-core\1.4.4.RELEASE\spring-cloud-netflix-core-1.4.4.RELEASE.jar;D:\develop\maven\repo\org\springframework\cloud\spring-cloud-netflix-eureka-client\1.4.4.RELEASE\spring-cloud-netflix-eureka-client-1.4.4.RELEASE.jar;D:\develop\maven\repo\com\netflix\eureka\eureka-client\1.7.2\eureka-client-1.7.2.jar;D:\develop\maven\repo\org\codehaus\jettison\jettison\1.2\jettison-1.2.jar;D:\develop\maven\repo\stax\stax-api\1.0.1\stax-api-1.0.1.jar;D:\develop\maven\repo\com\netflix\netflix-commons\netflix-eventbus\0.3.0\netflix-eventbus-0.3.0.jar;D:\develop\maven\repo\com\netflix\netflix-commons\netflix-infix\0.3.0\netflix-infix-0.3.0.jar;D:\develop\maven\repo\commons-jxpath\commons-jxpath\1.3\commons-jxpath-1.3.jar;D:\develop\maven\repo\org\antlr\antlr-runtime\3.4\antlr-runtime-3.4.jar;D:\develop\maven\repo\org\antlr\stringtemplate\3.2.1\stringtemplate-3.2.1.jar;D:\develop\maven\repo\antlr\antlr\2.7.7\antlr-2.7.7.jar;D:\develop\maven\repo\com\google\code\gson\gson\2.8.4\gson-2.8.4.jar;D:\develop\maven\repo\org\apache\commons\commons-math\2.2\commons-math-2.2.jar;D:\develop\maven\repo\javax\ws\rs\jsr311-api\1.1.1\jsr311-api-1.1.1.jar;D:\develop\maven\repo\com\netflix\servo\servo-core\0.10.1\servo-core-0.10.1.jar;D:\develop\maven\repo\com\netflix\servo\servo-internal\0.10.1\servo-internal-0.10.1.jar;D:\develop\maven\repo\com\sun\jersey\jersey-core\1.19.1\jersey-core-1.19.1.jar;D:\develop\maven\repo\com\sun\jersey\jersey-client\1.19.1\jersey-client-1.19.1.jar;D:\develop\maven\repo\com\sun\jersey\contribs\jersey-apache-client4\1.19.1\jersey-apache-client4-1.19.1.jar;D:\develop\maven\repo\com\google\inject\guice\3.0\guice-3.0.jar;D:\develop\maven\repo\com\netflix\eureka\eureka-core\1.7.2\eureka-core-1.7.2.jar;D:\develop\maven\repo\org\codehaus\woodstox\woodstox-core-asl\4.4.1\woodstox-core-asl-4.4.1.jar;D:\develop\maven\repo\javax\xml\stream\stax-api\1.0-2\stax-api-1.0-2.jar;D:\develop\maven\repo\org\codehaus\woodstox\stax2-api\3.1.4\stax2-api-3.1.4.jar;D:\develop\maven\repo\org\springframework\cloud\spring-cloud-starter-netflix-archaius\1.4.4.RELEASE\spring-cloud-starter-netflix-archaius-1.4.4.RELEASE.jar;D:\develop\maven\repo\commons-configuration\commons-configuration\1.8\commons-configuration-1.8.jar;D:\develop\maven\repo\org\springframework\cloud\spring-cloud-starter-netflix-ribbon\1.4.4.RELEASE\spring-cloud-starter-netflix-ribbon-1.4.4.RELEASE.jar;D:\develop\maven\repo\com\netflix\ribbon\ribbon\2.2.5\ribbon-2.2.5.jar;D:\develop\maven\repo\com\netflix\ribbon\ribbon-transport\2.2.5\ribbon-transport-2.2.5.jar;D:\develop\maven\repo\io\reactivex\rxnetty-contexts\0.4.9\rxnetty-contexts-0.4.9.jar;D:\develop\maven\repo\io\reactivex\rxnetty-servo\0.4.9\rxnetty-servo-0.4.9.jar;D:\develop\maven\repo\io\reactivex\rxnetty\0.4.9\rxnetty-0.4.9.jar;D:\develop\maven\repo\io\netty\netty-codec-http\4.0.27.Final\netty-codec-http-4.0.27.Final.jar;D:\develop\maven\repo\io\netty\netty-codec\4.0.27.Final\netty-codec-4.0.27.Final.jar;D:\develop\maven\repo\io\netty\netty-handler\4.0.27.Final\netty-handler-4.0.27.Final.jar;D:\develop\maven\repo\io\netty\netty-transport-native-epoll\4.0.27.Final\netty-transport-native-epoll-4.0.27.Final.jar;D:\develop\maven\repo\io\netty\netty-common\4.0.27.Final\netty-common-4.0.27.Final.jar;D:\develop\maven\repo\io\netty\netty-buffer\4.0.27.Final\netty-buffer-4.0.27.Final.jar;D:\develop\maven\repo\io\netty\netty-transport\4.0.27.Final\netty-transport-4.0.27.Final.jar;D:\develop\maven\repo\com\netflix\ribbon\ribbon-core\2.2.5\ribbon-core-2.2.5.jar;D:\develop\maven\repo\com\netflix\ribbon\ribbon-httpclient\2.2.5\ribbon-httpclient-2.2.5.jar;D:\develop\maven\repo\com\netflix\netflix-commons\netflix-commons-util\0.1.1\netflix-commons-util-0.1.1.jar;D:\develop\maven\repo\com\netflix\ribbon\ribbon-loadbalancer\2.2.5\ribbon-loadbalancer-2.2.5.jar;D:\develop\maven\repo\com\netflix\netflix-commons\netflix-statistics\0.1.1\netflix-statistics-0.1.1.jar;D:\develop\maven\repo\com\netflix\ribbon\ribbon-eureka\2.2.5\ribbon-eureka-2.2.5.jar;D:\develop\maven\repo\com\thoughtworks\xstream\xstream\1.4.10\xstream-1.4.10.jar;D:\develop\maven\repo\xmlpull\xmlpull\1.1.3.1\xmlpull-1.1.3.1.jar;D:\develop\maven\repo\xpp3\xpp3_min\1.1.4c\xpp3_min-1.1.4c.jar;, java.specification.name=Java Platform API Specification, java.class.version=52.0, sun.management.compiler=HotSpot 64-Bit Tiered Compilers, os.version=10.0, user.home=C:\Users\lenovo, user.timezone=Asia/Shanghai, java.awt.printerjob=sun.awt.windows.WPrinterJob, file.encoding=GBK, java.specification.version=1.8, java.class.path=D:\develop\workspace\code-repo\paascloud-master-master\paascloud-provider\paascloud-provider-uac\target\test-classes;D:\develop\workspace\code-repo\paascloud-master-master\paascloud-provider\paascloud-provider-uac\target\classes;D:\develop\maven\repo\mysql\mysql-connector-java\5.1.39\mysql-connector-java-5.1.39.jar;D:\develop\maven\repo\io\jsonwebtoken\jjwt\0.7.0\jjwt-0.7.0.jar;D:\develop\maven\repo\joda-time\joda-time\2.9.6\joda-time-2.9.6.jar;D:\develop\maven\repo\org\mybatis\spring\boot\mybatis-spring-boot-starter\1.2.0\mybatis-spring-boot-starter-1.2.0.jar;D:\develop\maven\repo\org\springframework\boot\spring-boot-starter\1.5.13.RELEASE\spring-boot-starter-1.5.13.RELEASE.jar;D:\develop\maven\repo\org\springframework\boot\spring-boot-starter-logging\1.5.13.RELEASE\spring-boot-starter-logging-1.5.13.RELEASE.jar;D:\develop\maven\repo\org\slf4j\jcl-over-slf4j\1.7.25\jcl-over-slf4j-1.7.25.jar;D:\develop\maven\repo\org\slf4j\jul-to-slf4j\1.7.25\jul-to-slf4j-1.7.25.jar;D:\develop\maven\repo\org\slf4j\log4j-over-slf4j\1.7.25\log4j-over-slf4j-1.7.25.jar;D:\develop\maven\repo\org\springframework\boot\spring-boot-starter-jdbc\1.5.13.RELEASE\spring-boot-starter-jdbc-1.5.13.RELEASE.jar;D:\develop\maven\repo\org\apache\tomcat\tomcat-jdbc\8.5.31\tomcat-jdbc-8.5.31.jar;D:\develop\maven\repo\org\apache\tomcat\tomcat-juli\8.5.31\tomcat-juli-8.5.31.jar;D:\develop\maven\repo\org\springframework\spring-jdbc\4.3.17.RELEASE\spring-jdbc-4.3.17.RELEASE.jar;D:\develop\maven\repo\org\mybatis\spring\boot\mybatis-spring-boot-autoconfigure\1.2.0\mybatis-spring-boot-autoconfigure-1.2.0.jar;D:\develop\maven\repo\org\mybatis\mybatis\3.4.2\mybatis-3.4.2.jar;D:\develop\maven\repo\org\mybatis\mybatis-spring\1.3.1\mybatis-spring-1.3.1.jar;D:\develop\maven\repo\tk\mybatis\mapper-spring-boot-starter\1.1.1\mapper-spring-boot-starter-1.1.1.jar;D:\develop\maven\repo\tk\mybatis\mapper-spring-boot-autoconfigure\1.1.1\mapper-spring-boot-autoconfigure-1.1.1.jar;D:\develop\maven\repo\tk\mybatis\mapper\3.4.0\mapper-3.4.0.jar;D:\develop\maven\repo\javax\persistence\persistence-api\1.0\persistence-api-1.0.jar;D:\develop\maven\repo\com\github\pagehelper\pagehelper-spring-boot-starter\1.1.2\pagehelper-spring-boot-starter-1.1.2.jar;D:\develop\maven\repo\com\github\pagehelper\pagehelper-spring-boot-autoconfigure\1.1.2\pagehelper-spring-boot-autoconfigure-1.1.2.jar;D:\develop\maven\repo\com\github\pagehelper\pagehelper\5.0.3\pagehelper-5.0.3.jar;D:\develop\maven\repo\com\github\jsqlparser\jsqlparser\1.0\jsqlparser-1.0.jar;D:\develop\maven\repo\com\alibaba\druid-spring-boot-starter\1.1.0\druid-spring-boot-starter-1.1.0.jar;D:\develop\maven\repo\org\springframework\boot\spring-boot-autoconfigure\1.5.13.RELEASE\spring-boot-autoconfigure-1.5.13.RELEASE.jar;D:\develop\maven\repo\com\fasterxml\jackson\core\jackson-databind\2.8.4\jackson-databind-2.8.4.jar;D:\develop\maven\repo\com\fasterxml\jackson\core\jackson-annotations\2.8.0\jackson-annotations-2.8.0.jar;D:\develop\maven\repo\com\fasterxml\jackson\core\jackson-core\2.8.11\jackson-core-2.8.11.jar;D:\develop\workspace\code-repo\paascloud-master-master\paascloud-provider-api\paascloud-provider-uac-api\target\paascloud-provider-uac-api-1.0.jar;D:\develop\workspace\code-repo\paascloud-master-master\paascloud-common\paascloud-security-feign\target\paascloud-security-feign-1.0.jar;D:\develop\workspace\code-repo\paascloud-master-master\paascloud-provider-api\paascloud-provider-mdc-api\target\paascloud-provider-mdc-api-1.0.jar;D:\develop\workspace\code-repo\paascloud-master-master\paascloud-provider-api\paascloud-provider-omc-api\target\paascloud-provider-omc-api-1.0.jar;D:\develop\workspace\code-repo\paascloud-master-master\paascloud-provider-api\paascloud-provider-opc-api\target\paascloud-provider-opc-api-1.0.jar;D:\develop\maven\repo\io\github\openfeign\form\feign-form\3.0.3\feign-form-3.0.3.jar;D:\develop\maven\repo\io\github\openfeign\form\feign-form-spring\3.0.3\feign-form-spring-3.0.3.jar;D:\develop\workspace\code-repo\paascloud-master-master\paascloud-provider-api\paascloud-provider-sdk-api\target\paascloud-provider-sdk-api-1.0.jar;D:\develop\maven\repo\org\projectlombok\lombok\1.16.14\lombok-1.16.14.jar;D:\develop\workspace\code-repo\paascloud-master-master\paascloud-provider-api\paascloud-provider-tpc-api\target\paascloud-provider-tpc-api-1.0.jar;D:\develop\workspace\code-repo\paascloud-master-master\paascloud-common\paascloud-common-zk\target\paascloud-common-zk-1.0.jar;D:\develop\maven\repo\org\apache\curator\curator-framework\2.10.0\curator-framework-2.10.0.jar;D:\develop\maven\repo\org\apache\curator\curator-client\2.10.0\curator-client-2.10.0.jar;D:\develop\maven\repo\org\apache\zookeeper\zookeeper\3.4.6\zookeeper-3.4.6.jar;D:\develop\maven\repo\jline\jline\2.14.6\jline-2.14.6.jar;D:\develop\maven\repo\io\netty\netty\3.7.0.Final\netty-3.7.0.Final.jar;D:\develop\maven\repo\org\apache\curator\curator-recipes\2.10.0\curator-recipes-2.10.0.jar;D:\develop\maven\repo\com\alibaba\fastjson\1.2.29\fastjson-1.2.29.jar;D:\develop\maven\repo\org\aspectj\aspectjweaver\1.8.13\aspectjweaver-1.8.13.jar;D:\develop\maven\repo\org\springframework\spring-tx\4.3.11.RELEASE\spring-tx-4.3.11.RELEASE.jar;D:\develop\maven\repo\org\springframework\spring-beans\4.3.17.RELEASE\spring-beans-4.3.17.RELEASE.jar;D:\develop\maven\repo\org\apache\rocketmq\rocketmq-client\4.1.0-incubating\rocketmq-client-4.1.0-incubating.jar;D:\develop\maven\repo\org\apache\rocketmq\rocketmq-common\4.1.0-incubating\rocketmq-common-4.1.0-incubating.jar;D:\develop\maven\repo\org\apache\rocketmq\rocketmq-remoting\4.1.0-incubating\rocketmq-remoting-4.1.0-incubating.jar;D:\develop\maven\repo\io\netty\netty-all\4.0.56.Final\netty-all-4.0.56.Final.jar;D:\develop\maven\repo\org\slf4j\slf4j-api\1.7.25\slf4j-api-1.7.25.jar;D:\develop\maven\repo\org\apache\commons\commons-lang3\3.5\commons-lang3-3.5.jar;D:\develop\maven\repo\de\codecentric\spring-boot-admin-starter-client\1.5.7\spring-boot-admin-starter-client-1.5.7.jar;D:\develop\maven\repo\de\codecentric\spring-boot-admin-client\1.5.7\spring-boot-admin-client-1.5.7.jar;D:\develop\maven\repo\org\springframework\boot\spring-boot-starter-freemarker\1.5.13.RELEASE\spring-boot-starter-freemarker-1.5.13.RELEASE.jar;D:\develop\maven\repo\org\freemarker\freemarker\2.3.28\freemarker-2.3.28.jar;D:\develop\maven\repo\org\springframework\spring-context-support\4.3.17.RELEASE\spring-context-support-4.3.17.RELEASE.jar;D:\develop\maven\repo\org\springframework\cloud\spring-cloud-starter-feign\1.4.4.RELEASE\spring-cloud-starter-feign-1.4.4.RELEASE.jar;D:\develop\maven\repo\org\springframework\cloud\spring-cloud-starter-openfeign\1.4.4.RELEASE\spring-cloud-starter-openfeign-1.4.4.RELEASE.jar;D:\develop\maven\repo\io\github\openfeign\feign-core\9.5.0\feign-core-9.5.0.jar;D:\develop\maven\repo\org\jvnet\animal-sniffer-annotation\1.0\animal-sniffer-annotation-1.0.jar;D:\develop\maven\repo\io\github\openfeign\feign-slf4j\9.5.0\feign-slf4j-9.5.0.jar;D:\develop\maven\repo\io\github\openfeign\feign-hystrix\9.5.0\feign-hystrix-9.5.0.jar;D:\develop\maven\repo\com\github\penggle\kaptcha\2.3.2\kaptcha-2.3.2.jar;D:\develop\maven\repo\com\jhlabs\filters\2.0.235-1\filters-2.0.235-1.jar;D:\develop\maven\repo\org\springframework\cloud\spring-cloud-starter-oauth2\1.2.2.RELEASE\spring-cloud-starter-oauth2-1.2.2.RELEASE.jar;D:\develop\maven\repo\org\springframework\cloud\spring-cloud-starter-security\1.2.2.RELEASE\spring-cloud-starter-security-1.2.2.RELEASE.jar;D:\develop\maven\repo\org\springframework\cloud\spring-cloud-security\1.2.2.RELEASE\spring-cloud-security-1.2.2.RELEASE.jar;D:\develop\maven\repo\org\springframework\boot\spring-boot-starter-security\1.5.13.RELEASE\spring-boot-starter-security-1.5.13.RELEASE.jar;D:\develop\maven\repo\org\springframework\security\oauth\spring-security-oauth2\2.0.15.RELEASE\spring-security-oauth2-2.0.15.RELEASE.jar;D:\develop\maven\repo\org\springframework\security\spring-security-core\4.2.6.RELEASE\spring-security-core-4.2.6.RELEASE.jar;D:\develop\maven\repo\org\springframework\security\spring-security-config\4.2.6.RELEASE\spring-security-config-4.2.6.RELEASE.jar;D:\develop\maven\repo\org\springframework\social\spring-social-config\1.1.6.RELEASE\spring-social-config-1.1.6.RELEASE.jar;D:\develop\maven\repo\org\springframework\social\spring-social-core\1.1.6.RELEASE\spring-social-core-1.1.6.RELEASE.jar;D:\develop\maven\repo\org\springframework\spring-web\4.3.8.RELEASE\spring-web-4.3.8.RELEASE.jar;D:\develop\maven\repo\org\springframework\social\spring-social-security\1.1.6.RELEASE\spring-social-security-1.1.6.RELEASE.jar;D:\develop\maven\repo\org\springframework\spring-webmvc\4.3.17.RELEASE\spring-webmvc-4.3.17.RELEASE.jar;D:\develop\maven\repo\org\springframework\spring-expression\4.3.17.RELEASE\spring-expression-4.3.17.RELEASE.jar;D:\develop\maven\repo\org\springframework\security\spring-security-web\4.2.6.RELEASE\spring-security-web-4.2.6.RELEASE.jar;D:\develop\maven\repo\aopalliance\aopalliance\1.0\aopalliance-1.0.jar;D:\develop\maven\repo\org\springframework\social\spring-social-web\1.1.6.RELEASE\spring-social-web-1.1.6.RELEASE.jar;D:\develop\maven\repo\javax\inject\javax.inject\1\javax.inject-1.jar;D:\develop\workspace\code-repo\paascloud-master-master\paascloud-common\paascloud-common-base\target\paascloud-common-base-1.0.jar;D:\develop\workspace\code-repo\paascloud-master-master\paascloud-common\paascloud-security-app\target\paascloud-security-app-1.0.jar;D:\develop\workspace\code-repo\paascloud-master-master\paascloud-common\paascloud-security-core\target\paascloud-security-core-1.0.jar;D:\develop\maven\repo\commons-lang\commons-lang\2.6\commons-lang-2.6.jar;D:\develop\maven\repo\commons-collections\commons-collections\3.2.2\commons-collections-3.2.2.jar;D:\develop\maven\repo\org\springframework\cloud\spring-cloud-starter-config\1.4.3.RELEASE\spring-cloud-starter-config-1.4.3.RELEASE.jar;D:\develop\maven\repo\org\springframework\cloud\spring-cloud-starter\1.3.3.RELEASE\spring-cloud-starter-1.3.3.RELEASE.jar;D:\develop\maven\repo\org\springframework\cloud\spring-cloud-context\1.3.3.RELEASE\spring-cloud-context-1.3.3.RELEASE.jar;D:\develop\maven\repo\org\springframework\security\spring-security-rsa\1.0.3.RELEASE\spring-security-rsa-1.0.3.RELEASE.jar;D:\develop\maven\repo\org\springframework\cloud\spring-cloud-config-client\1.4.3.RELEASE\spring-cloud-config-client-1.4.3.RELEASE.jar;D:\develop\maven\repo\org\springframework\cloud\spring-cloud-starter-sleuth\1.3.3.RELEASE\spring-cloud-starter-sleuth-1.3.3.RELEASE.jar;D:\develop\maven\repo\org\springframework\cloud\spring-cloud-sleuth-core\1.3.3.RELEASE\spring-cloud-sleuth-core-1.3.3.RELEASE.jar;D:\develop\maven\repo\org\aspectj\aspectjrt\1.8.13\aspectjrt-1.8.13.jar;D:\develop\maven\repo\org\springframework\cloud\spring-cloud-sleuth-zipkin\1.3.3.RELEASE\spring-cloud-sleuth-zipkin-1.3.3.RELEASE.jar;D:\develop\maven\repo\org\springframework\cloud\spring-cloud-commons\1.3.3.RELEASE\spring-cloud-commons-1.3.3.RELEASE.jar;D:\develop\maven\repo\org\springframework\security\spring-security-crypto\4.2.6.RELEASE\spring-security-crypto-4.2.6.RELEASE.jar;D:\develop\maven\repo\org\apache\httpcomponents\httpclient\4.5.5\httpclient-4.5.5.jar;D:\develop\maven\repo\org\apache\httpcomponents\httpcore\4.4.9\httpcore-4.4.9.jar;D:\develop\maven\repo\io\zipkin\zipkin2\zipkin\2.6.1\zipkin-2.6.1.jar;D:\develop\maven\repo\io\zipkin\reporter2\zipkin-reporter\2.5.0\zipkin-reporter-2.5.0.jar;D:\develop\maven\repo\io\zipkin\reporter2\zipkin-sender-kafka11\2.5.0\zipkin-sender-kafka11-2.5.0.jar;D:\develop\maven\repo\io\zipkin\reporter2\zipkin-sender-amqp-client\2.5.0\zipkin-sender-amqp-client-2.5.0.jar;D:\develop\workspace\code-repo\paascloud-master-master\paascloud-common\paascloud-common-util\target\paascloud-common-util-1.0.jar;D:\develop\maven\repo\ch\qos\logback\logback-classic\1.1.11\logback-classic-1.1.11.jar;D:\develop\maven\repo\org\codehaus\jackson\jackson-smile\1.9.13\jackson-smile-1.9.13.jar;D:\develop\maven\repo\org\codehaus\jackson\jackson-core-asl\1.9.13\jackson-core-asl-1.9.13.jar;D:\develop\maven\repo\org\codehaus\jackson\jackson-mapper-asl\1.9.13\jackson-mapper-asl-1.9.13.jar;D:\develop\maven\repo\com\xiaoleilu\hutool-all\3.0.7\hutool-all-3.0.7.jar;D:\develop\maven\repo\commons-beanutils\commons-beanutils\1.9.3\commons-beanutils-1.9.3.jar;D:\develop\workspace\code-repo\paascloud-master-master\paascloud-common\paascloud-common-core\target\paascloud-common-core-1.0.jar;D:\develop\maven\repo\eu\bitwalker\UserAgentUtils\1.20\UserAgentUtils-1.20.jar;D:\develop\maven\repo\org\springframework\boot\spring-boot-starter-data-redis\1.5.13.RELEASE\spring-boot-starter-data-redis-1.5.13.RELEASE.jar;D:\develop\maven\repo\org\springframework\data\spring-data-redis\1.8.12.RELEASE\spring-data-redis-1.8.12.RELEASE.jar;D:\develop\maven\repo\org\springframework\data\spring-data-keyvalue\1.2.12.RELEASE\spring-data-keyvalue-1.2.12.RELEASE.jar;D:\develop\maven\repo\org\springframework\data\spring-data-commons\1.13.12.RELEASE\spring-data-commons-1.13.12.RELEASE.jar;D:\develop\maven\repo\org\springframework\spring-oxm\4.3.17.RELEASE\spring-oxm-4.3.17.RELEASE.jar;D:\develop\maven\repo\redis\clients\jedis\2.9.0\jedis-2.9.0.jar;D:\develop\maven\repo\org\apache\commons\commons-pool2\2.4.3\commons-pool2-2.4.3.jar;D:\develop\maven\repo\com\fasterxml\jackson\module\jackson-module-parameter-names\2.8.11\jackson-module-parameter-names-2.8.11.jar;D:\develop\maven\repo\com\fasterxml\jackson\datatype\jackson-datatype-jdk8\2.8.11\jackson-datatype-jdk8-2.8.11.jar;D:\develop\maven\repo\com\fasterxml\jackson\datatype\jackson-datatype-jsr310\2.8.11\jackson-datatype-jsr310-2.8.11.jar;D:\develop\workspace\code-repo\paascloud-master-master\paascloud-common\paascloud-common-config\target\paascloud-common-config-1.0.jar;D:\develop\maven\repo\com\arronlong\httpclientutil\httpclientutil\1.0\httpclientutil-1.0.jar;D:\develop\maven\repo\org\apache\httpcomponents\httpmime\4.5.5\httpmime-4.5.5.jar;D:\develop\maven\repo\org\apache\httpcomponents\httpasyncclient\4.1.3\httpasyncclient-4.1.3.jar;D:\develop\maven\repo\org\apache\httpcomponents\httpcore-nio\4.4.6\httpcore-nio-4.4.6.jar;D:\develop\maven\repo\log4j\log4j\1.2.17\log4j-1.2.17.jar;D:\develop\maven\repo\com\netflix\hystrix\hystrix-core\1.5.12\hystrix-core-1.5.12.jar;D:\develop\maven\repo\com\netflix\archaius\archaius-core\0.7.4\archaius-core-0.7.4.jar;D:\develop\maven\repo\com\google\code\findbugs\jsr305\3.0.2\jsr305-3.0.2.jar;D:\develop\maven\repo\io\reactivex\rxjava\1.2.0\rxjava-1.2.0.jar;D:\develop\maven\repo\org\hdrhistogram\HdrHistogram\2.1.9\HdrHistogram-2.1.9.jar;D:\develop\maven\repo\org\springframework\boot\spring-boot-starter-actuator\1.5.13.RELEASE\spring-boot-starter-actuator-1.5.13.RELEASE.jar;D:\develop\maven\repo\org\springframework\boot\spring-boot-actuator\1.5.13.RELEASE\spring-boot-actuator-1.5.13.RELEASE.jar;D:\develop\maven\repo\org\springframework\cloud\spring-cloud-starter-hystrix\1.4.4.RELEASE\spring-cloud-starter-hystrix-1.4.4.RELEASE.jar;D:\develop\maven\repo\org\springframework\cloud\spring-cloud-starter-netflix-hystrix\1.4.4.RELEASE\spring-cloud-starter-netflix-hystrix-1.4.4.RELEASE.jar;D:\develop\maven\repo\com\netflix\hystrix\hystrix-metrics-event-stream\1.5.12\hystrix-metrics-event-stream-1.5.12.jar;D:\develop\maven\repo\com\netflix\hystrix\hystrix-serialization\1.5.12\hystrix-serialization-1.5.12.jar;D:\develop\maven\repo\com\fasterxml\jackson\module\jackson-module-afterburner\2.8.11\jackson-module-afterburner-2.8.11.jar;D:\develop\maven\repo\com\netflix\hystrix\hystrix-javanica\1.5.12\hystrix-javanica-1.5.12.jar;D:\develop\maven\repo\org\ow2\asm\asm\5.0.4\asm-5.0.4.jar;D:\develop\maven\repo\org\springframework\boot\spring-boot-starter-web\1.5.13.RELEASE\spring-boot-starter-web-1.5.13.RELEASE.jar;D:\develop\maven\repo\org\springframework\boot\spring-boot-starter-tomcat\1.5.13.RELEASE\spring-boot-starter-tomcat-1.5.13.RELEASE.jar;D:\develop\maven\repo\org\apache\tomcat\embed\tomcat-embed-core\8.5.31\tomcat-embed-core-8.5.31.jar;D:\develop\maven\repo\org\apache\tomcat\tomcat-annotations-api\8.5.31\tomcat-annotations-api-8.5.31.jar;D:\develop\maven\repo\org\apache\tomcat\embed\tomcat-embed-websocket\8.5.31\tomcat-embed-websocket-8.5.31.jar;D:\develop\maven\repo\org\hibernate\hibernate-validator\5.3.6.Final\hibernate-validator-5.3.6.Final.jar;D:\develop\maven\repo\javax\validation\validation-api\1.1.0.Final\validation-api-1.1.0.Final.jar;D:\develop\maven\repo\org\jboss\logging\jboss-logging\3.3.2.Final\jboss-logging-3.3.2.Final.jar;D:\develop\maven\repo\net\logstash\logback\logstash-logback-encoder\4.6\logstash-logback-encoder-4.6.jar;D:\develop\maven\repo\ch\qos\logback\logback-core\1.1.11\logback-core-1.1.11.jar;D:\develop\maven\repo\com\google\guava\guava\17.0\guava-17.0.jar;D:\develop\maven\repo\org\springframework\boot\spring-boot-starter-validation\1.5.13.RELEASE\spring-boot-starter-validation-1.5.13.RELEASE.jar;D:\develop\maven\repo\org\apache\tomcat\embed\tomcat-embed-el\8.5.31\tomcat-embed-el-8.5.31.jar;D:\develop\maven\repo\io\springfox\springfox-swagger-ui\2.6.1\springfox-swagger-ui-2.6.1.jar;D:\develop\maven\repo\io\springfox\springfox-spring-web\2.6.1\springfox-spring-web-2.6.1.jar;D:\develop\maven\repo\io\springfox\springfox-swagger2\2.6.1\springfox-swagger2-2.6.1.jar;D:\develop\maven\repo\io\swagger\swagger-annotations\1.5.10\swagger-annotations-1.5.10.jar;D:\develop\maven\repo\io\swagger\swagger-models\1.5.10\swagger-models-1.5.10.jar;D:\develop\maven\repo\io\springfox\springfox-spi\2.6.1\springfox-spi-2.6.1.jar;D:\develop\maven\repo\io\springfox\springfox-core\2.6.1\springfox-core-2.6.1.jar;D:\develop\maven\repo\io\springfox\springfox-schema\2.6.1\springfox-schema-2.6.1.jar;D:\develop\maven\repo\io\springfox\springfox-swagger-common\2.6.1\springfox-swagger-common-2.6.1.jar;D:\develop\maven\repo\com\fasterxml\classmate\1.3.4\classmate-1.3.4.jar;D:\develop\maven\repo\org\springframework\plugin\spring-plugin-core\1.2.0.RELEASE\spring-plugin-core-1.2.0.RELEASE.jar;D:\develop\maven\repo\org\springframework\plugin\spring-plugin-metadata\1.2.0.RELEASE\spring-plugin-metadata-1.2.0.RELEASE.jar;D:\develop\maven\repo\org\mapstruct\mapstruct\1.0.0.Final\mapstruct-1.0.0.Final.jar;D:\develop\maven\repo\commons-codec\commons-codec\1.10\commons-codec-1.10.jar;D:\develop\maven\repo\org\springframework\boot\spring-boot-starter-test\1.5.13.RELEASE\spring-boot-starter-test-1.5.13.RELEASE.jar;D:\develop\maven\repo\org\springframework\boot\spring-boot-test\1.5.13.RELEASE\spring-boot-test-1.5.13.RELEASE.jar;D:\develop\maven\repo\org\springframework\boot\spring-boot-test-autoconfigure\1.5.13.RELEASE\spring-boot-test-autoconfigure-1.5.13.RELEASE.jar;D:\develop\maven\repo\com\jayway\jsonpath\json-path\2.2.0\json-path-2.2.0.jar;D:\develop\maven\repo\net\minidev\json-smart\2.2.1\json-smart-2.2.1.jar;D:\develop\maven\repo\net\minidev\accessors-smart\1.1\accessors-smart-1.1.jar;D:\develop\maven\repo\junit\junit\4.12\junit-4.12.jar;D:\develop\maven\repo\org\assertj\assertj-core\2.6.0\assertj-core-2.6.0.jar;D:\develop\maven\repo\org\mockito\mockito-core\1.10.19\mockito-core-1.10.19.jar;D:\develop\maven\repo\org\objenesis\objenesis\2.5.1\objenesis-2.5.1.jar;D:\develop\maven\repo\org\hamcrest\hamcrest-core\1.3\hamcrest-core-1.3.jar;D:\develop\maven\repo\org\hamcrest\hamcrest-library\1.3\hamcrest-library-1.3.jar;D:\develop\maven\repo\org\skyscreamer\jsonassert\1.4.0\jsonassert-1.4.0.jar;D:\develop\maven\repo\com\vaadin\external\google\android-json\0.0.20131108.vaadin1\android-json-0.0.20131108.vaadin1.jar;D:\develop\maven\repo\org\springframework\spring-core\4.3.11.RELEASE\spring-core-4.3.11.RELEASE.jar;D:\develop\maven\repo\org\springframework\spring-test\4.3.17.RELEASE\spring-test-4.3.17.RELEASE.jar;D:\develop\maven\repo\com\alibaba\druid\1.0.29\druid-1.0.29.jar;D:\develop\Java\jdk1.8.0_181\jre\..\lib\jconsole.jar;D:\develop\Java\jdk1.8.0_181\jre\..\lib\tools.jar;D:\develop\maven\repo\org\mybatis\generator\mybatis-generator-core\1.3.5\mybatis-generator-core-1.3.5.jar;D:\develop\maven\repo\org\springframework\boot\spring-boot-configuration-processor\1.5.13.RELEASE\spring-boot-configuration-processor-1.5.13.RELEASE.jar;D:\develop\maven\repo\org\springframework\boot\spring-boot-devtools\1.5.13.RELEASE\spring-boot-devtools-1.5.13.RELEASE.jar;D:\develop\maven\repo\org\springframework\boot\spring-boot\1.5.13.RELEASE\spring-boot-1.5.13.RELEASE.jar;D:\develop\maven\repo\org\springframework\boot\spring-boot-starter-aop\1.5.13.RELEASE\spring-boot-starter-aop-1.5.13.RELEASE.jar;D:\develop\maven\repo\org\springframework\spring-aop\4.3.17.RELEASE\spring-aop-4.3.17.RELEASE.jar;D:\develop\maven\repo\org\modelmapper\modelmapper\1.1.2\modelmapper-1.1.2.jar;D:\develop\maven\repo\org\jolokia\jolokia-core\1.3.7\jolokia-core-1.3.7.jar;D:\develop\maven\repo\com\googlecode\json-simple\json-simple\1.1.1\json-simple-1.1.1.jar;D:\develop\maven\repo\org\springframework\security\spring-security-jwt\1.0.9.RELEASE\spring-security-jwt-1.0.9.RELEASE.jar;D:\develop\maven\repo\org\bouncycastle\bcpkix-jdk15on\1.56\bcpkix-jdk15on-1.56.jar;D:\develop\maven\repo\org\bouncycastle\bcprov-jdk15on\1.56\bcprov-jdk15on-1.56.jar;D:\develop\maven\repo\org\liquibase\liquibase-core\3.5.3\liquibase-core-3.5.3.jar;D:\develop\maven\repo\org\yaml\snakeyaml\1.17\snakeyaml-1.17.jar;D:\develop\maven\repo\org\springframework\cloud\spring-cloud-starter-zipkin\1.3.3.RELEASE\spring-cloud-starter-zipkin-1.3.3.RELEASE.jar;D:\develop\maven\repo\org\springframework\amqp\spring-rabbit\1.7.7.RELEASE\spring-rabbit-1.7.7.RELEASE.jar;D:\develop\maven\repo\org\springframework\retry\spring-retry\1.2.2.RELEASE\spring-retry-1.2.2.RELEASE.jar;D:\develop\maven\repo\com\rabbitmq\http-client\1.1.1.RELEASE\http-client-1.1.1.RELEASE.jar;D:\develop\maven\repo\com\rabbitmq\amqp-client\4.0.3\amqp-client-4.0.3.jar;D:\develop\maven\repo\org\springframework\spring-messaging\4.3.17.RELEASE\spring-messaging-4.3.17.RELEASE.jar;D:\develop\maven\repo\org\springframework\spring-context\4.3.8.RELEASE\spring-context-4.3.8.RELEASE.jar;D:\develop\maven\repo\org\springframework\amqp\spring-amqp\1.7.7.RELEASE\spring-amqp-1.7.7.RELEASE.jar;D:\develop\maven\repo\org\springframework\cloud\spring-cloud-starter-netflix-eureka-client\1.4.4.RELEASE\spring-cloud-starter-netflix-eureka-client-1.4.4.RELEASE.jar;D:\develop\maven\repo\org\springframework\cloud\spring-cloud-netflix-core\1.4.4.RELEASE\spring-cloud-netflix-core-1.4.4.RELEASE.jar;D:\develop\maven\repo\org\springframework\cloud\spring-cloud-netflix-eureka-client\1.4.4.RELEASE\spring-cloud-netflix-eureka-client-1.4.4.RELEASE.jar;D:\develop\maven\repo\com\netflix\eureka\eureka-client\1.7.2\eureka-client-1.7.2.jar;D:\develop\maven\repo\org\codehaus\jettison\jettison\1.2\jettison-1.2.jar;D:\develop\maven\repo\stax\stax-api\1.0.1\stax-api-1.0.1.jar;D:\develop\maven\repo\com\netflix\netflix-commons\netflix-eventbus\0.3.0\netflix-eventbus-0.3.0.jar;D:\develop\maven\repo\com\netflix\netflix-commons\netflix-infix\0.3.0\netflix-infix-0.3.0.jar;D:\develop\maven\repo\commons-jxpath\commons-jxpath\1.3\commons-jxpath-1.3.jar;D:\develop\maven\repo\org\antlr\antlr-runtime\3.4\antlr-runtime-3.4.jar;D:\develop\maven\repo\org\antlr\stringtemplate\3.2.1\stringtemplate-3.2.1.jar;D:\develop\maven\repo\antlr\antlr\2.7.7\antlr-2.7.7.jar;D:\develop\maven\repo\com\google\code\gson\gson\2.8.4\gson-2.8.4.jar;D:\develop\maven\repo\org\apache\commons\commons-math\2.2\commons-math-2.2.jar;D:\develop\maven\repo\javax\ws\rs\jsr311-api\1.1.1\jsr311-api-1.1.1.jar;D:\develop\maven\repo\com\netflix\servo\servo-core\0.10.1\servo-core-0.10.1.jar;D:\develop\maven\repo\com\netflix\servo\servo-internal\0.10.1\servo-internal-0.10.1.jar;D:\develop\maven\repo\com\sun\jersey\jersey-core\1.19.1\jersey-core-1.19.1.jar;D:\develop\maven\repo\com\sun\jersey\jersey-client\1.19.1\jersey-client-1.19.1.jar;D:\develop\maven\repo\com\sun\jersey\contribs\jersey-apache-client4\1.19.1\jersey-apache-client4-1.19.1.jar;D:\develop\maven\repo\com\google\inject\guice\3.0\guice-3.0.jar;D:\develop\maven\repo\com\netflix\eureka\eureka-core\1.7.2\eureka-core-1.7.2.jar;D:\develop\maven\repo\org\codehaus\woodstox\woodstox-core-asl\4.4.1\woodstox-core-asl-4.4.1.jar;D:\develop\maven\repo\javax\xml\stream\stax-api\1.0-2\stax-api-1.0-2.jar;D:\develop\maven\repo\org\codehaus\woodstox\stax2-api\3.1.4\stax2-api-3.1.4.jar;D:\develop\maven\repo\org\springframework\cloud\spring-cloud-starter-netflix-archaius\1.4.4.RELEASE\spring-cloud-starter-netflix-archaius-1.4.4.RELEASE.jar;D:\develop\maven\repo\commons-configuration\commons-configuration\1.8\commons-configuration-1.8.jar;D:\develop\maven\repo\org\springframework\cloud\spring-cloud-starter-netflix-ribbon\1.4.4.RELEASE\spring-cloud-starter-netflix-ribbon-1.4.4.RELEASE.jar;D:\develop\maven\repo\com\netflix\ribbon\ribbon\2.2.5\ribbon-2.2.5.jar;D:\develop\maven\repo\com\netflix\ribbon\ribbon-transport\2.2.5\ribbon-transport-2.2.5.jar;D:\develop\maven\repo\io\reactivex\rxnetty-contexts\0.4.9\rxnetty-contexts-0.4.9.jar;D:\develop\maven\repo\io\reactivex\rxnetty-servo\0.4.9\rxnetty-servo-0.4.9.jar;D:\develop\maven\repo\io\reactivex\rxnetty\0.4.9\rxnetty-0.4.9.jar;D:\develop\maven\repo\io\netty\netty-codec-http\4.0.27.Final\netty-codec-http-4.0.27.Final.jar;D:\develop\maven\repo\io\netty\netty-codec\4.0.27.Final\netty-codec-4.0.27.Final.jar;D:\develop\maven\repo\io\netty\netty-handler\4.0.27.Final\netty-handler-4.0.27.Final.jar;D:\develop\maven\repo\io\netty\netty-transport-native-epoll\4.0.27.Final\netty-transport-native-epoll-4.0.27.Final.jar;D:\develop\maven\repo\io\netty\netty-common\4.0.27.Final\netty-common-4.0.27.Final.jar;D:\develop\maven\repo\io\netty\netty-buffer\4.0.27.Final\netty-buffer-4.0.27.Final.jar;D:\develop\maven\repo\io\netty\netty-transport\4.0.27.Final\netty-transport-4.0.27.Final.jar;D:\develop\maven\repo\com\netflix\ribbon\ribbon-core\2.2.5\ribbon-core-2.2.5.jar;D:\develop\maven\repo\com\netflix\ribbon\ribbon-httpclient\2.2.5\ribbon-httpclient-2.2.5.jar;D:\develop\maven\repo\com\netflix\netflix-commons\netflix-commons-util\0.1.1\netflix-commons-util-0.1.1.jar;D:\develop\maven\repo\com\netflix\ribbon\ribbon-loadbalancer\2.2.5\ribbon-loadbalancer-2.2.5.jar;D:\develop\maven\repo\com\netflix\netflix-commons\netflix-statistics\0.1.1\netflix-statistics-0.1.1.jar;D:\develop\maven\repo\com\netflix\ribbon\ribbon-eureka\2.2.5\ribbon-eureka-2.2.5.jar;D:\develop\maven\repo\com\thoughtworks\xstream\xstream\1.4.10\xstream-1.4.10.jar;D:\develop\maven\repo\xmlpull\xmlpull\1.1.3.1\xmlpull-1.1.3.1.jar;D:\develop\maven\repo\xpp3\xpp3_min\1.1.4c\xpp3_min-1.1.4c.jar;, user.name=lenovo, idea.version2019.2.1=true, java.vm.specification.version=1.8, sun.java.command=D:\develop\workspace\code-repo\paascloud-master-master\paascloud-provider\paascloud-provider-uac\target\surefire\surefirebooter6302798505136300258.jar D:\develop\workspace\code-repo\paascloud-master-master\paascloud-provider\paascloud-provider-uac\target\surefire\surefire3255170475323550853tmp D:\develop\workspace\code-repo\paascloud-master-master\paascloud-provider\paascloud-provider-uac\target\surefire\surefire_12134819718800819556tmp, java.home=D:\develop\Java\jdk1.8.0_181\jre, sun.arch.data.model=64, user.language=zh, java.specification.vendor=Oracle Corporation, awt.toolkit=sun.awt.windows.WToolkit, java.vm.info=mixed mode, java.version=1.8.0_181, java.ext.dirs=D:\develop\Java\jdk1.8.0_181\jre\lib\ext;C:\WINDOWS\Sun\Java\lib\ext, sun.boot.class.path=D:\develop\Java\jdk1.8.0_181\jre\lib\resources.jar;D:\develop\Java\jdk1.8.0_181\jre\lib\rt.jar;D:\develop\Java\jdk1.8.0_181\jre\lib\sunrsasign.jar;D:\develop\Java\jdk1.8.0_181\jre\lib\jsse.jar;D:\develop\Java\jdk1.8.0_181\jre\lib\jce.jar;D:\develop\Java\jdk1.8.0_181\jre\lib\charsets.jar;D:\develop\Java\jdk1.8.0_181\jre\lib\jfr.jar;D:\develop\Java\jdk1.8.0_181\jre\classes, java.vendor=Oracle Corporation, localRepository=D:\develop\maven\repo, file.separator=\, java.vendor.url.bug=http://bugreport.sun.com/bugreport/, sun.io.unicode.encoding=UnicodeLittle, sun.cpu.endian=little, sun.desktop=windows, sun.cpu.isalist=amd64}}, SystemEnvironmentPropertySource@37380050 {name='systemEnvironment', properties={PATH=C:\Program Files (x86)\Common Files\Oracle\Java\javapath;C:\WINDOWS\system32;C:\WINDOWS;C:\WINDOWS\System32\Wbem;C:\WINDOWS\System32\WindowsPowerShell\v1.0\;C:\WINDOWS\System32\OpenSSH\;D:\develop\Java\jdk1.8.0_181\bin;D:\develop\Java\jdk1.8.0_181\jre\bin;D:\develop\maven\apache-maven-3.6.1\bin;D:\develop\Git\bin;D:\software\TortoiseGit\bin;D:\develop\scala\bin;D:\develop\scala\bin;D:\develop\scala\jre\bin;D:\software\nodejs\;C:\Users\lenovo\AppData\Local\Microsoft\WindowsApps;C:\Users\lenovo\AppData\Roaming\npm;C:\Program Files\Bandizip\, USERDOMAIN_ROAMINGPROFILE=XIESEN, LOCALAPPDATA=C:\Users\lenovo\AppData\Local, PROCESSOR_LEVEL=6, SYSTEMDRIVE=C:, COMMONPROGRAMFILES(X86)=C:\Program Files (x86)\Common Files, USERDOMAIN=XIESEN, FPS_BROWSER_APP_PROFILE_STRING=Internet Explorer, LOGONSERVER=\\XIESEN, JAVA_HOME=D:\develop\Java\jdk1.8.0_181, PROMPT=$P$G, SESSIONNAME=Console, ALLUSERSPROFILE=C:\ProgramData, PROGRAMFILES(X86)=C:\Program Files (x86), PROCESSOR_ARCHITECTURE=AMD64, DRIVERDATA=C:\Windows\System32\Drivers\DriverData, MAVEN_HOME=D:\develop\maven\apache-maven-3.6.1, PROGRAMFILES=C:\Program Files, APPDATA=C:\Users\lenovo\AppData\Roaming, PSMODULEPATH=C:\Program Files\WindowsPowerShell\Modules;C:\WINDOWS\system32\WindowsPowerShell\v1.0\Modules, PROGRAMW6432=C:\Program Files, PROGRAMDATA=C:\ProgramData, SYSTEMROOT=C:\WINDOWS, USERNAME=lenovo, SCALA_HOME=D:\develop\scala, FPS_BROWSER_USER_PROFILE_STRING=Default, PATHEXT=.COM;.EXE;.BAT;.CMD;.VBS;.VBE;.JS;.JSE;.WSF;.WSH;.MSC, OS=Windows_NT, COMMONPROGRAMW6432=C:\Program Files\Common Files, COMPUTERNAME=XIESEN, COMMONPROGRAMFILES=C:\Program Files\Common Files, COMSPEC=C:\WINDOWS\system32\cmd.exe, PROCESSOR_REVISION=3c03, CLASSPATH=.;D:\develop\scala\bin;D:\develop\scala\lib\dt.jar;D:\develop\scala\lib\tools.jar.;, WINDIR=C:\WINDOWS, =D:=D:\develop\workspace\code-repo\paascloud-master-master\paascloud-provider\paascloud-provider-uac, HOMEPATH=\Users\lenovo, TEMP=C:\Users\lenovo\AppData\Local\Temp, HOMEDRIVE=C:, PROCESSOR_IDENTIFIER=Intel64 Family 6 Model 60 Stepping 3, GenuineIntel, USERPROFILE=C:\Users\lenovo, TMP=C:\Users\lenovo\AppData\Local\Temp, #ENVTSLOGSSS5752=70393216, PUBLIC=C:\Users\Public, NUMBER_OF_PROCESSORS=4, =::=::\, IDEA_INITIAL_DIRECTORY=C:\Users\lenovo\Desktop}}]
14:32:04.020 [main] DEBUG org.springframework.core.io.support.PathMatchingResourcePatternResolver - Resolved classpath location [com/paascloud/provider/] to resources [URL [file:/D:/develop/workspace/code-repo/paascloud-master-master/paascloud-provider/paascloud-provider-uac/target/test-classes/com/paascloud/provider/], URL [file:/D:/develop/workspace/code-repo/paascloud-master-master/paascloud-provider/paascloud-provider-uac/target/classes/com/paascloud/provider/], URL [jar:file:/D:/develop/workspace/code-repo/paascloud-master-master/paascloud-provider-api/paascloud-provider-uac-api/target/paascloud-provider-uac-api-1.0.jar!/com/paascloud/provider/], URL [jar:file:/D:/develop/workspace/code-repo/paascloud-master-master/paascloud-provider-api/paascloud-provider-mdc-api/target/paascloud-provider-mdc-api-1.0.jar!/com/paascloud/provider/], URL [jar:file:/D:/develop/workspace/code-repo/paascloud-master-master/paascloud-provider-api/paascloud-provider-omc-api/target/paascloud-provider-omc-api-1.0.jar!/com/paascloud/provider/], URL [jar:file:/D:/develop/workspace/code-repo/paascloud-master-master/paascloud-provider-api/paascloud-provider-opc-api/target/paascloud-provider-opc-api-1.0.jar!/com/paascloud/provider/], URL [jar:file:/D:/develop/workspace/code-repo/paascloud-master-master/paascloud-provider-api/paascloud-provider-sdk-api/target/paascloud-provider-sdk-api-1.0.jar!/com/paascloud/provider/], URL [jar:file:/D:/develop/workspace/code-repo/paascloud-master-master/paascloud-provider-api/paascloud-provider-tpc-api/target/paascloud-provider-tpc-api-1.0.jar!/com/paascloud/provider/]]
14:32:04.021 [main] DEBUG org.springframework.core.io.support.PathMatchingResourcePatternResolver - Looking for matching resources in directory tree [D:\develop\workspace\code-repo\paascloud-master-master\paascloud-provider\paascloud-provider-uac\target\test-classes\com\paascloud\provider]
14:32:04.022 [main] DEBUG org.springframework.core.io.support.PathMatchingResourcePatternResolver - Searching directory [D:\develop\workspace\code-repo\paascloud-master-master\paascloud-provider\paascloud-provider-uac\target\test-classes\com\paascloud\provider] for files matching pattern [D:/develop/workspace/code-repo/paascloud-master-master/paascloud-provider/paascloud-provider-uac/target/test-classes/com/paascloud/provider/*.class]
14:32:04.031 [main] DEBUG org.springframework.core.io.support.PathMatchingResourcePatternResolver - Looking for matching resources in directory tree [D:\develop\workspace\code-repo\paascloud-master-master\paascloud-provider\paascloud-provider-uac\target\classes\com\paascloud\provider]
14:32:04.031 [main] DEBUG org.springframework.core.io.support.PathMatchingResourcePatternResolver - Searching directory [D:\develop\workspace\code-repo\paascloud-master-master\paascloud-provider\paascloud-provider-uac\target\classes\com\paascloud\provider] for files matching pattern [D:/develop/workspace/code-repo/paascloud-master-master/paascloud-provider/paascloud-provider-uac/target/classes/com/paascloud/provider/*.class]
14:32:04.037 [main] DEBUG org.springframework.core.io.support.PathMatchingResourcePatternResolver - Looking for matching resources in jar file [file:/D:/develop/workspace/code-repo/paascloud-master-master/paascloud-provider-api/paascloud-provider-uac-api/target/paascloud-provider-uac-api-1.0.jar]
14:32:04.041 [main] DEBUG org.springframework.core.io.support.PathMatchingResourcePatternResolver - Looking for matching resources in jar file [file:/D:/develop/workspace/code-repo/paascloud-master-master/paascloud-provider-api/paascloud-provider-mdc-api/target/paascloud-provider-mdc-api-1.0.jar]
14:32:04.042 [main] DEBUG org.springframework.core.io.support.PathMatchingResourcePatternResolver - Looking for matching resources in jar file [file:/D:/develop/workspace/code-repo/paascloud-master-master/paascloud-provider-api/paascloud-provider-omc-api/target/paascloud-provider-omc-api-1.0.jar]
14:32:04.044 [main] DEBUG org.springframework.core.io.support.PathMatchingResourcePatternResolver - Looking for matching resources in jar file [file:/D:/develop/workspace/code-repo/paascloud-master-master/paascloud-provider-api/paascloud-provider-opc-api/target/paascloud-provider-opc-api-1.0.jar]
14:32:04.045 [main] DEBUG org.springframework.core.io.support.PathMatchingResourcePatternResolver - Looking for matching resources in jar file [file:/D:/develop/workspace/code-repo/paascloud-master-master/paascloud-provider-api/paascloud-provider-sdk-api/target/paascloud-provider-sdk-api-1.0.jar]
14:32:04.046 [main] DEBUG org.springframework.core.io.support.PathMatchingResourcePatternResolver - Looking for matching resources in jar file [file:/D:/develop/workspace/code-repo/paascloud-master-master/paascloud-provider-api/paascloud-provider-tpc-api/target/paascloud-provider-tpc-api-1.0.jar]
14:32:04.047 [main] DEBUG org.springframework.core.io.support.PathMatchingResourcePatternResolver - Resolved location pattern [classpath*:com/paascloud/provider/*.class] to resources [file [D:\develop\workspace\code-repo\paascloud-master-master\paascloud-provider\paascloud-provider-uac\target\test-classes\com\paascloud\provider\MD5Test.class], file [D:\develop\workspace\code-repo\paascloud-master-master\paascloud-provider\paascloud-provider-uac\target\test-classes\com\paascloud\provider\MybatisGenerator.class], file [D:\develop\workspace\code-repo\paascloud-master-master\paascloud-provider\paascloud-provider-uac\target\test-classes\com\paascloud\provider\PaasCloudUacApplicationTests.class], file [D:\develop\workspace\code-repo\paascloud-master-master\paascloud-provider\paascloud-provider-uac\target\test-classes\com\paascloud\provider\UacMenuServiceTest.class], file [D:\develop\workspace\code-repo\paascloud-master-master\paascloud-provider\paascloud-provider-uac\target\test-classes\com\paascloud\provider\UacRoleServiceTest.class], file [D:\develop\workspace\code-repo\paascloud-master-master\paascloud-provider\paascloud-provider-uac\target\test-classes\com\paascloud\provider\UacUserServiceTest.class]]
[...]
	at org.springframework.boot.test.context.SpringBootContextLoader.loadContext(SpringBootContextLoader.java:121)
	at org.springframework.test.context.cache.DefaultCacheAwareContextLoaderDelegate.loadContextInternal(DefaultCacheAwareContextLoaderDelegate.java:98)
	at org.springframework.test.context.cache.DefaultCacheAwareContextLoaderDelegate.loadContext(DefaultCacheAwareContextLoaderDelegate.java:116)
	at org.springframework.test.context.support.DefaultTestContext.getApplicationContext(DefaultTestContext.java:83)
	at org.springframework.test.context.web.ServletTestExecutionListener.setUpRequestContextIfNecessary(ServletTestExecutionListener.java:189)
	at org.springframework.test.context.web.ServletTestExecutionListener.prepareTestInstance(ServletTestExecutionListener.java:131)
	at org.springframework.test.context.TestContextManager.prepareTestInstance(TestContextManager.java:230)
	at org.springframework.test.context.junit4.SpringJUnit4ClassRunner.createTest(SpringJUnit4ClassRunner.java:228)
	at org.springframework.test.context.junit4.SpringJUnit4ClassRunner$1.runReflectiveCall(SpringJUnit4ClassRunner.java:287)
	at org.junit.internal.runners.model.ReflectiveCallable.run(ReflectiveCallable.java:12)
	at org.springframework.test.context.junit4.SpringJUnit4ClassRunner.methodBlock(SpringJUnit4ClassRunner.java:289)
	at org.springframework.test.context.junit4.SpringJUnit4ClassRunner.runChild(SpringJUnit4ClassRunner.java:247)
	at org.springframework.test.context.junit4.SpringJUnit4ClassRunner.runChild(SpringJUnit4ClassRunner.java:94)
	at org.junit.runners.ParentRunner$3.run(ParentRunner.java:290)
	at org.junit.runners.ParentRunner$1.schedule(ParentRunner.java:71)
	at org.junit.runners.ParentRunner.runChildren(ParentRunner.java:288)
	at org.junit.runners.ParentRunner.access$000(ParentRunner.java:58)
	at org.junit.runners.ParentRunner$2.evaluate(ParentRunner.java:268)
	at org.springframework.test.context.junit4.statements.RunBeforeTestClassCallbacks.evaluate(RunBeforeTestClassCallbacks.java:61)
	at org.springframework.test.context.junit4.statements.RunAfterTestClassCallbacks.evaluate(RunAfterTestClassCallbacks.java:70)
	at org.junit.runners.ParentRunner.run(ParentRunner.java:363)
	at org.springframework.test.context.junit4.SpringJUnit4ClassRunner.run(SpringJUnit4ClassRunner.java:191)
	at org.apache.maven.surefire.junit4.JUnit4Provider.execute(JUnit4Provider.java:283)
	at org.apache.maven.surefire.junit4.JUnit4Provider.executeWithRerun(JUnit4Provider.java:173)
	at org.apache.maven.surefire.junit4.JUnit4Provider.executeTestSet(JUnit4Provider.java:153)
	at org.apache.maven.surefire.junit4.JUnit4Provider.invoke(JUnit4Provider.java:128)
	at org.apache.maven.surefire.booter.ForkedBooter.invokeProviderInSameClassLoader(ForkedBooter.java:203)
	at org.apache.maven.surefire.booter.ForkedBooter.runSuitesInProcess(ForkedBooter.java:155)
	at org.apache.maven.surefire.booter.ForkedBooter.main(ForkedBooter.java:103)

2019-09-24 14:32:28.867  INFO [bootstrap,,,] [bootstrap,,,,] 2392 --- [           main] s.c.a.AnnotationConfigApplicationContext : Closing org.springframework.context.annotation.AnnotationConfigApplicationContext@4f59a516: startup date [Tue Sep 24 14:32:12 CST 2019]; root of context hierarchy
2019-09-24 14:32:28.874  INFO [bootstrap,,,] [bootstrap,,,,] 2392 --- [           main] com.netflix.discovery.DiscoveryClient    : Shutting down DiscoveryClient ...
2019-09-24 14:32:28.899  INFO [bootstrap,,,] [bootstrap,,,,] 2392 --- [           main] com.netflix.discovery.DiscoveryClient    : Completed shut down of DiscoveryClient
2019-09-24 14:32:28.903 ERROR [bootstrap,,,] [bootstrap,,,,] 2392 --- [           main] o.s.boot.SpringApplication               : Application startup failed

java.lang.IllegalStateException: No instances found of configserver (paascloud-discovery)
	at org.springframework.cloud.config.client.ConfigServerInstanceProvider.getConfigServerInstance(ConfigServerInstanceProvider.java:25)
	at org.springframework.cloud.config.client.ConfigServerInstanceProvider$$FastClassBySpringCGLIB$$facbf882.invoke(<generated>)
	at org.springframework.cglib.proxy.MethodProxy.invoke(MethodProxy.java:204)
	at org.springframework.aop.framework.CglibAopProxy$CglibMethodInvocation.invokeJoinpoint(CglibAopProxy.java:736)
	at org.springframework.aop.framework.ReflectiveMethodInvocation.proceed(ReflectiveMethodInvocation.java:157)
	at org.springframework.retry.interceptor.RetryOperationsInterceptor$1.doWithRetry(RetryOperationsInterceptor.java:91)
	at org.springframework.retry.support.RetryTemplate.doExecute(RetryTemplate.java:287)
	at org.springframework.retry.support.RetryTemplate.execute(RetryTemplate.java:164)
	at org.springframework.retry.interceptor.RetryOperationsInterceptor.invoke(RetryOperationsInterceptor.java:118)
	at org.springframework.retry.annotation.AnnotationAwareRetryOperationsInterceptor.invoke(AnnotationAwareRetryOperationsInterceptor.java:153)
	at org.springframework.aop.framework.ReflectiveMethodInvocation.proceed(ReflectiveMethodInvocation.java:179)
	at org.springframework.aop.framework.CglibAopProxy$DynamicAdvisedInterceptor.intercept(CglibAopProxy.java:671)
	at org.springframework.cloud.config.client.ConfigServerInstanceProvider$$EnhancerBySpringCGLIB$$5f6cabd6.getConfigServerInstance(<generated>)
	at org.springframework.cloud.config.client.DiscoveryClientConfigServiceBootstrapConfiguration.refresh(DiscoveryClientConfigServiceBootstrapConfiguration.java:80)
	at org.springframework.cloud.config.client.DiscoveryClientConfigServiceBootstrapConfiguration.startup(DiscoveryClientConfigServiceBootstrapConfiguration.java:66)
	at sun.reflect.NativeMethodAccessorImpl.invoke0(Native Method)
	at sun.reflect.NativeMethodAccessorImpl.invoke(NativeMethodAccessorImpl.java:62)
	at sun.reflect.DelegatingMethodAccessorImpl.invoke(DelegatingMethodAccessorImpl.java:43)
	at java.lang.reflect.Method.invoke(Method.java:498)
	at org.springframework.context.event.ApplicationListenerMethodAdapter.doInvoke(ApplicationListenerMethodAdapter.java:253)
	at org.springframework.context.event.ApplicationListenerMethodAdapter.processEvent(ApplicationListenerMethodAdapter.java:174)
	at org.springframework.context.event.ApplicationListenerMethodAdapter.onApplicationEvent(ApplicationListenerMethodAdapter.java:137)
	at org.springframework.context.event.SimpleApplicationEventMulticaster.invokeListener(SimpleApplicationEventMulticaster.java:167)
	at org.springframework.context.event.SimpleApplicationEventMulticaster.multicastEvent(SimpleApplicationEventMulticaster.java:139)
	at org.springframework.context.support.AbstractApplicationContext.publishEvent(AbstractApplicationContext.java:383)
	at org.springframework.context.support.AbstractApplicationContext.publishEvent(AbstractApplicationContext.java:337)
	at org.springframework.context.support.AbstractApplicationContext.finishRefresh(AbstractApplicationContext.java:882)
	at org.springframework.context.support.AbstractApplicationContext.refresh(AbstractApplicationContext.java:545)
	at org.springframework.boot.SpringApplication.refresh(SpringApplication.java:693)
	at org.springframework.boot.SpringApplication.refreshContext(SpringApplication.java:360)
	at org.springframework.boot.SpringApplication.run(SpringApplication.java:303)
	at org.springframework.boot.builder.SpringApplicationBuilder.run(SpringApplicationBuilder.java:134)
	at org.springframework.cloud.bootstrap.BootstrapApplicationListener.bootstrapServiceContext(BootstrapApplicationListener.java:187)
	at org.springframework.cloud.bootstrap.BootstrapApplicationListener.onApplicationEvent(BootstrapApplicationListener.java:102)
	at org.springframework.cloud.bootstrap.BootstrapApplicationListener.onApplicationEvent(BootstrapApplicationListener.java:68)
	at org.springframework.context.event.SimpleApplicationEventMulticaster.invokeListener(SimpleApplicationEventMulticaster.java:167)
	at org.springframework.context.event.SimpleApplicationEventMulticaster.multicastEvent(SimpleApplicationEventMulticaster.java:139)
	at org.springframework.context.event.SimpleApplicationEventMulticaster.multicastEvent(SimpleApplicationEventMulticaster.java:122)
	at org.springframework.boot.context.event.EventPublishingRunListener.environmentPrepared(EventPublishingRunListener.java:74)
	at org.springframework.boot.SpringApplicationRunListeners.environmentPrepared(SpringApplicationRunListeners.java:54)
	at org.springframework.boot.SpringApplication.prepareEnvironment(SpringApplication.java:325)
	at org.springframework.boot.SpringApplication.run(SpringApplication.java:296)
	at org.springframework.boot.test.context.SpringBootContextLoader.loadContext(SpringBootContextLoader.java:121)
	at org.springframework.test.context.cache.DefaultCacheAwareContextLoaderDelegate.loadContextInternal(DefaultCacheAwareContextLoaderDelegate.java:98)
	at org.springframework.test.context.cache.DefaultCacheAwareContextLoaderDelegate.loadContext(DefaultCacheAwareContextLoaderDelegate.java:116)
	at org.springframework.test.context.support.DefaultTestContext.getApplicationContext(DefaultTestContext.java:83)
	at org.springframework.test.context.web.ServletTestExecutionListener.setUpRequestContextIfNecessary(ServletTestExecutionListener.java:189)
	at org.springframework.test.context.web.ServletTestExecutionListener.prepareTestInstance(ServletTestExecutionListener.java:131)
	at org.springframework.test.context.TestContextManager.prepareTestInstance(TestContextManager.java:230)
	at org.springframework.test.context.junit4.SpringJUnit4ClassRunner.createTest(SpringJUnit4ClassRunner.java:228)
	at org.springframework.test.context.junit4.SpringJUnit4ClassRunner$1.runReflectiveCall(SpringJUnit4ClassRunner.java:287)
	at org.junit.internal.runners.model.ReflectiveCallable.run(ReflectiveCallable.java:12)
	at org.springframework.test.context.junit4.SpringJUnit4ClassRunner.methodBlock(SpringJUnit4ClassRunner.java:289)
	at org.springframework.test.context.junit4.SpringJUnit4ClassRunner.runChild(SpringJUnit4ClassRunner.java:247)
	at org.springframework.test.context.junit4.SpringJUnit4ClassRunner.runChild(SpringJUnit4ClassRunner.java:94)
	at org.junit.runners.ParentRunner$3.run(ParentRunner.java:290)
	at org.junit.runners.ParentRunner$1.schedule(ParentRunner.java:71)
	at org.junit.runners.ParentRunner.runChildren(ParentRunner.java:288)
	at org.junit.runners.ParentRunner.access$000(ParentRunner.java:58)
	at org.junit.runners.ParentRunner$2.evaluate(ParentRunner.java:268)
	at org.springframework.test.context.junit4.statements.RunBeforeTestClassCallbacks.evaluate(RunBeforeTestClassCallbacks.java:61)
	at org.springframework.test.context.junit4.statements.RunAfterTestClassCallbacks.evaluate(RunAfterTestClassCallbacks.java:70)
	at org.junit.runners.ParentRunner.run(ParentRunner.java:363)
	at org.springframework.test.context.junit4.SpringJUnit4ClassRunner.run(SpringJUnit4ClassRunner.java:191)
	at org.apache.maven.surefire.junit4.JUnit4Provider.execute(JUnit4Provider.java:283)
	at org.apache.maven.surefire.junit4.JUnit4Provider.executeWithRerun(JUnit4Provider.java:173)
	at org.apache.maven.surefire.junit4.JUnit4Provider.executeTestSet(JUnit4Provider.java:153)
	at org.apache.maven.surefire.junit4.JUnit4Provider.invoke(JUnit4Provider.java:128)
	at org.apache.maven.surefire.booter.ForkedBooter.invokeProviderInSameClassLoader(ForkedBooter.java:203)
	at org.apache.maven.surefire.booter.ForkedBooter.runSuitesInProcess(ForkedBooter.java:155)
	at org.apache.maven.surefire.booter.ForkedBooter.main(ForkedBooter.java:103)

2019-09-24 14:32:28.905 ERROR [bootstrap,,,] [bootstrap,,,,] 2392 --- [           main] o.s.test.context.TestContextManager      : Caught exception while allowing TestExecutionListener [org.springframework.test.context.web.ServletTestExecutionListener@8519cb4] to prepare test instance [com.paascloud.provider.PaasCloudUacApplicationTests@460b77d6]

java.lang.IllegalStateException: Failed to load ApplicationContext
	at org.springframework.test.context.cache.DefaultCacheAwareContextLoaderDelegate.loadContext(DefaultCacheAwareContextLoaderDelegate.java:124)
	at org.springframework.test.context.support.DefaultTestContext.getApplicationContext(DefaultTestContext.java:83)
	at org.springframework.test.context.web.ServletTestExecutionListener.setUpRequestContextIfNecessary(ServletTestExecutionListener.java:189)
	at org.springframework.test.context.web.ServletTestExecutionListener.prepareTestInstance(ServletTestExecutionListener.java:131)
	at org.springframework.test.context.TestContextManager.prepareTestInstance(TestContextManager.java:230)
	at org.springframework.test.context.junit4.SpringJUnit4ClassRunner.createTest(SpringJUnit4ClassRunner.java:228)
	at org.springframework.test.context.junit4.SpringJUnit4ClassRunner$1.runReflectiveCall(SpringJUnit4ClassRunner.java:287)
	at org.junit.internal.runners.model.ReflectiveCallable.run(ReflectiveCallable.java:12)
	at org.springframework.test.context.junit4.SpringJUnit4ClassRunner.methodBlock(SpringJUnit4ClassRunner.java:289)
	at org.springframework.test.context.junit4.SpringJUnit4ClassRunner.runChild(SpringJUnit4ClassRunner.java:247)
	at org.springframework.test.context.junit4.SpringJUnit4ClassRunner.runChild(SpringJUnit4ClassRunner.java:94)
	at org.junit.runners.ParentRunner$3.run(ParentRunner.java:290)
	at org.junit.runners.ParentRunner$1.schedule(ParentRunner.java:71)
	at org.junit.runners.ParentRunner.runChildren(ParentRunner.java:288)
	at org.junit.runners.ParentRunner.access$000(ParentRunner.java:58)
	at org.junit.runners.ParentRunner$2.evaluate(ParentRunner.java:268)
	at org.springframework.test.context.junit4.statements.RunBeforeTestClassCallbacks.evaluate(RunBeforeTestClassCallbacks.java:61)
	at org.springframework.test.context.junit4.statements.RunAfterTestClassCallbacks.evaluate(RunAfterTestClassCallbacks.java:70)
	at org.junit.runners.ParentRunner.run(ParentRunner.java:363)
	at org.springframework.test.context.junit4.SpringJUnit4ClassRunner.run(SpringJUnit4ClassRunner.java:191)
	at org.apache.maven.surefire.junit4.JUnit4Provider.execute(JUnit4Provider.java:283)
	at org.apache.maven.surefire.junit4.JUnit4Provider.executeWithRerun(JUnit4Provider.java:173)
	at org.apache.maven.surefire.junit4.JUnit4Provider.executeTestSet(JUnit4Provider.java:153)
	at org.apache.maven.surefire.junit4.JUnit4Provider.invoke(JUnit4Provider.java:128)
	at org.apache.maven.surefire.booter.ForkedBooter.invokeProviderInSameClassLoader(ForkedBooter.java:203)
	at org.apache.maven.surefire.booter.ForkedBooter.runSuitesInProcess(ForkedBooter.java:155)
	at org.apache.maven.surefire.booter.ForkedBooter.main(ForkedBooter.java:103)
Caused by: java.lang.IllegalStateException: No instances found of configserver (paascloud-discovery)
	at org.springframework.cloud.config.client.ConfigServerInstanceProvider.getConfigServerInstance(ConfigServerInstanceProvider.java:25)
	at org.springframework.cloud.config.client.ConfigServerInstanceProvider$$FastClassBySpringCGLIB$$facbf882.invoke(<generated>)
	at org.springframework.cglib.proxy.MethodProxy.invoke(MethodProxy.java:204)
	at org.springframework.aop.framework.CglibAopProxy$CglibMethodInvocation.invokeJoinpoint(CglibAopProxy.java:736)
	at org.springframework.aop.framework.ReflectiveMethodInvocation.proceed(ReflectiveMethodInvocation.java:157)
	at org.springframework.retry.interceptor.RetryOperationsInterceptor$1.doWithRetry(RetryOperationsInterceptor.java:91)
	at org.springframework.retry.support.RetryTemplate.doExecute(RetryTemplate.java:287)
	at org.springframework.retry.support.RetryTemplate.execute(RetryTemplate.java:164)
	at org.springframework.retry.interceptor.RetryOperationsInterceptor.invoke(RetryOperationsInterceptor.java:118)
	at org.springframework.retry.annotation.AnnotationAwareRetryOperationsInterceptor.invoke(AnnotationAwareRetryOperationsInterceptor.java:153)
	at org.springframework.aop.framework.ReflectiveMethodInvocation.proceed(ReflectiveMethodInvocation.java:179)
	at org.springframework.aop.framework.CglibAopProxy$DynamicAdvisedInterceptor.intercept(CglibAopProxy.java:671)
	at org.springframework.cloud.config.client.ConfigServerInstanceProvider$$EnhancerBySpringCGLIB$$5f6cabd6.getConfigServerInstance(<generated>)
	at org.springframework.cloud.config.client.DiscoveryClientConfigServiceBootstrapConfiguration.refresh(DiscoveryClientConfigServiceBootstrapConfiguration.java:80)
	at org.springframework.cloud.config.client.DiscoveryClientConfigServiceBootstrapConfiguration.startup(DiscoveryClientConfigServiceBootstrapConfiguration.java:66)
	at sun.reflect.NativeMethodAccessorImpl.invoke0(Native Method)
	at sun.reflect.NativeMethodAccessorImpl.invoke(NativeMethodAccessorImpl.java:62)
	at sun.reflect.DelegatingMethodAccessorImpl.invoke(DelegatingMethodAccessorImpl.java:43)
	at java.lang.reflect.Method.invoke(Method.java:498)
	at org.springframework.context.event.ApplicationListenerMethodAdapter.doInvoke(ApplicationListenerMethodAdapter.java:253)
	at org.springframework.context.event.ApplicationListenerMethodAdapter.processEvent(ApplicationListenerMethodAdapter.java:174)
	at org.springframework.context.event.ApplicationListenerMethodAdapter.onApplicationEvent(ApplicationListenerMethodAdapter.java:137)
	at org.springframework.context.event.SimpleApplicationEventMulticaster.invokeListener(SimpleApplicationEventMulticaster.java:167)
	at org.springframework.context.event.SimpleApplicationEventMulticaster.multicastEvent(SimpleApplicationEventMulticaster.java:139)
	at org.springframework.context.support.AbstractApplicationContext.publishEvent(AbstractApplicationContext.java:383)
	at org.springframework.context.support.AbstractApplicationContext.publishEvent(AbstractApplicationContext.java:337)
	at org.springframework.context.support.AbstractApplicationContext.finishRefresh(AbstractApplicationContext.java:882)
	at org.springframework.context.support.AbstractApplicationContext.refresh(AbstractApplicationContext.java:545)
	at org.springframework.boot.SpringApplication.refresh(SpringApplication.java:693)
	at org.springframework.boot.SpringApplication.refreshContext(SpringApplication.java:360)
	at org.springframework.boot.SpringApplication.run(SpringApplication.java:303)
	at org.springframework.boot.builder.SpringApplicationBuilder.run(SpringApplicationBuilder.java:134)
	at org.springframework.cloud.bootstrap.BootstrapApplicationListener.bootstrapServiceContext(BootstrapApplicationListener.java:187)
	at org.springframework.cloud.bootstrap.BootstrapApplicationListener.onApplicationEvent(BootstrapApplicationListener.java:102)
	at org.springframework.cloud.bootstrap.BootstrapApplicationListener.onApplicationEvent(BootstrapApplicationListener.java:68)
	at org.springframework.context.event.SimpleApplicationEventMulticaster.invokeListener(SimpleApplicationEventMulticaster.java:167)
	at org.springframework.context.event.SimpleApplicationEventMulticaster.multicastEvent(SimpleApplicationEventMulticaster.java:139)
	at org.springframework.context.event.SimpleApplicationEventMulticaster.multicastEvent(SimpleApplicationEventMulticaster.java:122)
	at org.springframework.boot.context.event.EventPublishingRunListener.environmentPrepared(EventPublishingRunListener.java:74)
	at org.springframework.boot.SpringApplicationRunListeners.environmentPrepared(SpringApplicationRunListeners.java:54)
	at org.springframework.boot.SpringApplication.prepareEnvironment(SpringApplication.java:325)
	at org.springframework.boot.SpringApplication.run(SpringApplication.java:296)
	at org.springframework.boot.test.context.SpringBootContextLoader.loadContext(SpringBootContextLoader.java:121)
	at org.springframework.test.context.cache.DefaultCacheAwareContextLoaderDelegate.loadContextInternal(DefaultCacheAwareContextLoaderDelegate.java:98)
	at org.springframework.test.context.cache.DefaultCacheAwareContextLoaderDelegate.loadContext(DefaultCacheAwareContextLoaderDelegate.java:116)
	... 26 common frames omitted

]]></system-out>
  </testcase>
</testsuite>